{"D:\\Unal\\2023-1\\BootcampBackend\\Proyectos\\api-hastaTuCasa\\env.ts":{"path":"D:\\Unal\\2023-1\\BootcampBackend\\Proyectos\\api-hastaTuCasa\\env.ts","statementMap":{"0":{"start":{"line":2,"column":22},"end":{"line":4,"column":1}},"1":{"start":{"line":3,"column":4},"end":{"line":3,"column":62}},"2":{"start":{"line":5,"column":0},"end":{"line":5,"column":62}},"3":{"start":{"line":6,"column":14},"end":{"line":6,"column":79}},"4":{"start":{"line":7,"column":0},"end":{"line":14,"column":3}}},"fnMap":{"0":{"name":"(anonymous_0)","decl":{"start":{"line":2,"column":56},"end":{"line":2,"column":57}},"loc":{"start":{"line":2,"column":71},"end":{"line":4,"column":1}},"line":2}},"branchMap":{"0":{"loc":{"start":{"line":2,"column":22},"end":{"line":4,"column":1}},"type":"binary-expr","locations":[{"start":{"line":2,"column":23},"end":{"line":2,"column":27}},{"start":{"line":2,"column":31},"end":{"line":2,"column":51}},{"start":{"line":2,"column":56},"end":{"line":4,"column":1}}],"line":2},"1":{"loc":{"start":{"line":3,"column":11},"end":{"line":3,"column":61}},"type":"cond-expr","locations":[{"start":{"line":3,"column":37},"end":{"line":3,"column":40}},{"start":{"line":3,"column":43},"end":{"line":3,"column":61}}],"line":3},"2":{"loc":{"start":{"line":3,"column":12},"end":{"line":3,"column":33}},"type":"binary-expr","locations":[{"start":{"line":3,"column":12},"end":{"line":3,"column":15}},{"start":{"line":3,"column":19},"end":{"line":3,"column":33}}],"line":3}},"s":{"0":1,"1":1,"2":1,"3":1,"4":1},"f":{"0":1},"b":{"0":[1,1,1],"1":[0,1],"2":[1,1]},"inputSourceMap":{"version":3,"file":"env.js","sourceRoot":"","sources":["env.ts"],"names":[],"mappings":";;;;;AAcA,gFAAsC;AAEtC,kBAAe,aAAG,CAAC,KAAK,CAAC;IACxB,IAAI,EAAE,aAAG,CAAC,MAAM,CAAC,MAAM,CAAC,EAAE,MAAM,EAAE,MAAM,EAAE,CAAC;IAC3C,IAAI,EAAE,aAAG,CAAC,MAAM,CAAC,MAAM,EAAE;IACzB,OAAO,EAAE,aAAG,CAAC,MAAM,CAAC,MAAM,EAAE;IAC5B,QAAQ,EAAE,aAAG,CAAC,MAAM,CAAC,MAAM,EAAE;IAC5B,UAAU,EAAE,aAAG,CAAC,MAAM,CAAC,IAAI,CAAC,CAAC,OAAO,CAAU,CAAC;IAChD,QAAQ,EAAE,aAAG,CAAC,MAAM,CAAC,IAAI,CAAC,CAAC,aAAa,EAAE,YAAY,EAAE,MAAM,CAAU,CAAC;CACzE,CAAC,CAAA","sourcesContent":["/*\n|--------------------------------------------------------------------------\n| Validating Environment Variables\n|--------------------------------------------------------------------------\n|\n| In this file we define the rules for validating environment variables.\n| By performing validation we ensure that your application is running in\n| a stable environment with correct configuration values.\n|\n| This file is read automatically by the framework during the boot lifecycle\n| and hence do not rename or move this file to a different location.\n|\n*/\n\nimport Env from '@ioc:Adonis/Core/Env'\n\nexport default Env.rules({\n\tHOST: Env.schema.string({ format: 'host' }),\n\tPORT: Env.schema.number(),\n\tAPP_KEY: Env.schema.string(),\n\tAPP_NAME: Env.schema.string(),\n  DRIVE_DISK: Env.schema.enum(['local'] as const),\n\tNODE_ENV: Env.schema.enum(['development', 'production', 'test'] as const),\n})\n"]},"_coverageSchema":"1a1c01bbd47fc00a2c39e90264f33305004495a9","hash":"da649159b5a25c6851fe5a90c92495cc8ca18526","contentHash":"293e53eb35e8071cba7c01c0b3fd9ea778f3ab186a3e48b8fce01fd8e00325cc"},"D:\\Unal\\2023-1\\BootcampBackend\\Proyectos\\api-hastaTuCasa\\config\\app.ts":{"path":"D:\\Unal\\2023-1\\BootcampBackend\\Proyectos\\api-hastaTuCasa\\config\\app.ts","statementMap":{"0":{"start":{"line":2,"column":22},"end":{"line":4,"column":1}},"1":{"start":{"line":3,"column":4},"end":{"line":3,"column":62}},"2":{"start":{"line":5,"column":0},"end":{"line":5,"column":62}},"3":{"start":{"line":6,"column":0},"end":{"line":6,"column":95}},"4":{"start":{"line":7,"column":21},"end":{"line":7,"column":59}},"5":{"start":{"line":8,"column":14},"end":{"line":8,"column":79}},"6":{"start":{"line":9,"column":0},"end":{"line":9,"column":46}},"7":{"start":{"line":10,"column":0},"end":{"line":26,"column":2}},"8":{"start":{"line":27,"column":0},"end":{"line":32,"column":2}},"9":{"start":{"line":33,"column":0},"end":{"line":37,"column":2}},"10":{"start":{"line":38,"column":0},"end":{"line":38,"column":23}}},"fnMap":{"0":{"name":"(anonymous_0)","decl":{"start":{"line":2,"column":56},"end":{"line":2,"column":57}},"loc":{"start":{"line":2,"column":71},"end":{"line":4,"column":1}},"line":2}},"branchMap":{"0":{"loc":{"start":{"line":2,"column":22},"end":{"line":4,"column":1}},"type":"binary-expr","locations":[{"start":{"line":2,"column":23},"end":{"line":2,"column":27}},{"start":{"line":2,"column":31},"end":{"line":2,"column":51}},{"start":{"line":2,"column":56},"end":{"line":4,"column":1}}],"line":2},"1":{"loc":{"start":{"line":3,"column":11},"end":{"line":3,"column":61}},"type":"cond-expr","locations":[{"start":{"line":3,"column":37},"end":{"line":3,"column":40}},{"start":{"line":3,"column":43},"end":{"line":3,"column":61}}],"line":3},"2":{"loc":{"start":{"line":3,"column":12},"end":{"line":3,"column":33}},"type":"binary-expr","locations":[{"start":{"line":3,"column":12},"end":{"line":3,"column":15}},{"start":{"line":3,"column":19},"end":{"line":3,"column":33}}],"line":3}},"s":{"0":1,"1":2,"2":1,"3":1,"4":1,"5":1,"6":1,"7":1,"8":1,"9":1,"10":1},"f":{"0":2},"b":{"0":[1,1,1],"1":[0,2],"2":[2,2]},"inputSourceMap":{"version":3,"file":"app.js","sourceRoot":"","sources":["app.ts"],"names":[],"mappings":";;;;;;AAOA,4DAAkC;AAClC,gFAAsC;AAmBzB,QAAA,MAAM,GAAW,aAAG,CAAC,GAAG,CAAC,SAAS,CAAC,CAAA;AAWnC,QAAA,IAAI,GAAiB;IAYhC,mBAAmB,EAAE,KAAK;IAO1B,eAAe,EAAE,CAAC;IAWlB,iBAAiB,EAAE,KAAK;IAWxB,UAAU,EAAE,oBAAS,CAAC,OAAO,CAAC,UAAU,CAAC;IAUzC,IAAI,EAAE,KAAK;IAOX,iBAAiB,EAAE,UAAU;IAO7B,MAAM,EAAE;QACN,MAAM,EAAE,EAAE;QACV,IAAI,EAAE,GAAG;QACT,MAAM,EAAE,IAAI;QACZ,QAAQ,EAAE,IAAI;QACd,MAAM,EAAE,KAAK;QACb,QAAQ,EAAE,KAAK;KAChB;IAkBD,yBAAyB,EAAE,kBAAkB;CAC9C,CAAA;AAOY,QAAA,MAAM,GAAiB;IAalC,IAAI,EAAE,aAAG,CAAC,GAAG,CAAC,UAAU,CAAC;IAUzB,OAAO,EAAE,IAAI;IAYb,KAAK,EAAE,aAAG,CAAC,GAAG,CAAC,WAAW,EAAE,MAAM,CAAC;IAWnC,WAAW,EAAE,aAAG,CAAC,GAAG,CAAC,UAAU,CAAC,KAAK,aAAa;CACnD,CAAA;AAOY,QAAA,QAAQ,GAAmB;IAStC,OAAO,EAAE,IAAI;IAWb,SAAS,EAAE,EAAE;IAWb,SAAS,EAAE,EAAE;CACd,CAAA;AAWY,QAAA,SAAS,GAAoB,EACzC,CAAA","sourcesContent":["/**\n * Config source: https://git.io/JfefZ\n *\n * Feel free to let us know via PR, if you find something broken in this config\n * file.\n */\n\nimport proxyAddr from 'proxy-addr'\nimport Env from '@ioc:Adonis/Core/Env'\nimport type { ServerConfig } from '@ioc:Adonis/Core/Server'\nimport type { LoggerConfig } from '@ioc:Adonis/Core/Logger'\nimport type { ProfilerConfig } from '@ioc:Adonis/Core/Profiler'\nimport type { ValidatorConfig } from '@ioc:Adonis/Core/Validator'\n\n/*\n|--------------------------------------------------------------------------\n| Application secret key\n|--------------------------------------------------------------------------\n|\n| The secret to encrypt and sign different values in your application.\n| Make sure to keep the `APP_KEY` as an environment variable and secure.\n|\n| Note: Changing the application key for an existing app will make all\n| the cookies invalid and also the existing encrypted data will not\n| be decrypted.\n|\n*/\nexport const appKey: string = Env.get('APP_KEY')\n\n/*\n|--------------------------------------------------------------------------\n| Http server configuration\n|--------------------------------------------------------------------------\n|\n| The configuration for the HTTP(s) server. Make sure to go through all\n| the config properties to make keep server secure.\n|\n*/\nexport const http: ServerConfig = {\n  /*\n  |--------------------------------------------------------------------------\n  | Allow method spoofing\n  |--------------------------------------------------------------------------\n  |\n  | Method spoofing enables defining custom HTTP methods using a query string\n  | `_method`. This is usually required when you are making traditional\n  | form requests and wants to use HTTP verbs like `PUT`, `DELETE` and\n  | so on.\n  |\n  */\n  allowMethodSpoofing: false,\n\n  /*\n  |--------------------------------------------------------------------------\n  | Subdomain offset\n  |--------------------------------------------------------------------------\n  */\n  subdomainOffset: 2,\n\n  /*\n  |--------------------------------------------------------------------------\n  | Request Ids\n  |--------------------------------------------------------------------------\n  |\n  | Setting this value to `true` will generate a unique request id for each\n  | HTTP request and set it as `x-request-id` header.\n  |\n  */\n  generateRequestId: false,\n\n  /*\n  |--------------------------------------------------------------------------\n  | Trusting proxy servers\n  |--------------------------------------------------------------------------\n  |\n  | Define the proxy servers that AdonisJs must trust for reading `X-Forwarded`\n  | headers.\n  |\n  */\n  trustProxy: proxyAddr.compile('loopback'),\n\n  /*\n  |--------------------------------------------------------------------------\n  | Generating Etag\n  |--------------------------------------------------------------------------\n  |\n  | Whether or not to generate an etag for every response.\n  |\n  */\n  etag: false,\n\n  /*\n  |--------------------------------------------------------------------------\n  | JSONP Callback\n  |--------------------------------------------------------------------------\n  */\n  jsonpCallbackName: 'callback',\n\n  /*\n  |--------------------------------------------------------------------------\n  | Cookie settings\n  |--------------------------------------------------------------------------\n  */\n  cookie: {\n    domain: '',\n    path: '/',\n    maxAge: '2h',\n    httpOnly: true,\n    secure: false,\n    sameSite: false,\n  },\n\n  /*\n  |--------------------------------------------------------------------------\n  | Force Content Negotiation\n  |--------------------------------------------------------------------------\n  |\n  | The internals of the framework relies on the content negotiation to\n  | detect the best possible response type for a given HTTP request.\n  |\n  | However, it is a very common these days that API servers always wants to\n  | make response in JSON regardless of the existence of the `Accept` header.\n  |\n  | By setting `forceContentNegotiationTo = 'application/json'`, you negotiate\n  | with the server in advance to always return JSON without relying on the\n  | client to set the header explicitly.\n  |\n  */\n  forceContentNegotiationTo: 'application/json',\n}\n\n/*\n|--------------------------------------------------------------------------\n| Logger\n|--------------------------------------------------------------------------\n*/\nexport const logger: LoggerConfig = {\n  /*\n  |--------------------------------------------------------------------------\n  | Application name\n  |--------------------------------------------------------------------------\n  |\n  | The name of the application you want to add to the log. It is recommended\n  | to always have app name in every log line.\n  |\n  | The `APP_NAME` environment variable is automatically set by AdonisJS by\n  | reading the `name` property from the `package.json` file.\n  |\n  */\n  name: Env.get('APP_NAME'),\n\n  /*\n  |--------------------------------------------------------------------------\n  | Toggle logger\n  |--------------------------------------------------------------------------\n  |\n  | Enable or disable logger application wide\n  |\n  */\n  enabled: true,\n\n  /*\n  |--------------------------------------------------------------------------\n  | Logging level\n  |--------------------------------------------------------------------------\n  |\n  | The level from which you want the logger to flush logs. It is recommended\n  | to make use of the environment variable, so that you can define log levels\n  | at deployment level and not code level.\n  |\n  */\n  level: Env.get('LOG_LEVEL', 'info'),\n\n  /*\n  |--------------------------------------------------------------------------\n  | Pretty print\n  |--------------------------------------------------------------------------\n  |\n  | It is highly advised NOT to use `prettyPrint` in production, since it\n  | can have huge impact on performance.\n  |\n  */\n  prettyPrint: Env.get('NODE_ENV') === 'development',\n}\n\n/*\n|--------------------------------------------------------------------------\n| Profiler\n|--------------------------------------------------------------------------\n*/\nexport const profiler: ProfilerConfig = {\n  /*\n  |--------------------------------------------------------------------------\n  | Toggle profiler\n  |--------------------------------------------------------------------------\n  |\n  | Enable or disable profiler\n  |\n  */\n  enabled: true,\n\n  /*\n  |--------------------------------------------------------------------------\n  | Blacklist actions/row labels\n  |--------------------------------------------------------------------------\n  |\n  | Define an array of actions or row labels that you want to disable from\n  | getting profiled.\n  |\n  */\n  blacklist: [],\n\n  /*\n  |--------------------------------------------------------------------------\n  | Whitelist actions/row labels\n  |--------------------------------------------------------------------------\n  |\n  | Define an array of actions or row labels that you want to whitelist for\n  | the profiler. When whitelist is defined, then `blacklist` is ignored.\n  |\n  */\n  whitelist: [],\n}\n\n/*\n|--------------------------------------------------------------------------\n| Validator\n|--------------------------------------------------------------------------\n|\n| Configure the global configuration for the validator. Here's the reference\n| to the default config https://git.io/JT0WE\n|\n*/\nexport const validator: ValidatorConfig = {\n}\n"]},"_coverageSchema":"1a1c01bbd47fc00a2c39e90264f33305004495a9","hash":"1df47af339b8b62cc0613f69546364ff977c3b20","contentHash":"6aad44401ab0eb8a3963ef9a5a37ddd8bf05652e624659bd7b2dfbff815abb9c"},"D:\\Unal\\2023-1\\BootcampBackend\\Proyectos\\api-hastaTuCasa\\config\\bodyparser.ts":{"path":"D:\\Unal\\2023-1\\BootcampBackend\\Proyectos\\api-hastaTuCasa\\config\\bodyparser.ts","statementMap":{"0":{"start":{"line":2,"column":0},"end":{"line":2,"column":62}},"1":{"start":{"line":3,"column":25},"end":{"line":44,"column":1}},"2":{"start":{"line":45,"column":0},"end":{"line":45,"column":35}}},"fnMap":{},"branchMap":{},"s":{"0":1,"1":1,"2":1},"f":{},"b":{},"inputSourceMap":{"version":3,"file":"bodyparser.js","sourceRoot":"","sources":["bodyparser.ts"],"names":[],"mappings":";;AASA,MAAM,gBAAgB,GAAqB;IAUzC,kBAAkB,EAAE,CAAC,MAAM,EAAE,KAAK,EAAE,OAAO,EAAE,QAAQ,CAAC;IAWtD,IAAI,EAAE;QACJ,QAAQ,EAAE,OAAO;QACjB,KAAK,EAAE,KAAK;QACZ,MAAM,EAAE,IAAI;QACZ,KAAK,EAAE;YACL,kBAAkB;YAClB,6BAA6B;YAC7B,0BAA0B;YAC1B,wBAAwB;SACzB;KACF;IAWD,IAAI,EAAE;QACJ,QAAQ,EAAE,OAAO;QACjB,KAAK,EAAE,KAAK;QACZ,WAAW,EAAE,EAAE;QAYf,yBAAyB,EAAE,IAAI;QAE/B,KAAK,EAAE;YACL,mCAAmC;SACpC;KACF;IAYD,GAAG,EAAE;QACH,QAAQ,EAAE,OAAO;QACjB,KAAK,EAAE,KAAK;QACZ,WAAW,EAAE,EAAE;QACf,KAAK,EAAE;YACL,QAAQ;SACT;KACF;IAWD,SAAS,EAAE;QAcT,WAAW,EAAE,IAAI;QAsBjB,eAAe,EAAE,EAAE;QAuBnB,QAAQ,EAAE,OAAO;QAYjB,yBAAyB,EAAE,IAAI;QAW/B,SAAS,EAAE,IAAI;QAWf,KAAK,EAAE,MAAM;QAUb,KAAK,EAAE;YACL,qBAAqB;SACtB;KACF;CACF,CAAA;AAED,kBAAe,gBAAgB,CAAA","sourcesContent":["/**\n * Config source: https://git.io/Jfefn\n *\n * Feel free to let us know via PR, if you find something broken in this config\n * file.\n */\n\nimport type { BodyParserConfig } from '@ioc:Adonis/Core/BodyParser'\n\nconst bodyParserConfig: BodyParserConfig = {\n  /*\n  |--------------------------------------------------------------------------\n  | White listed methods\n  |--------------------------------------------------------------------------\n  |\n  | HTTP methods for which body parsing must be performed. It is a good practice\n  | to avoid body parsing for `GET` requests.\n  |\n  */\n  whitelistedMethods: ['POST', 'PUT', 'PATCH', 'DELETE'],\n\n  /*\n  |--------------------------------------------------------------------------\n  | JSON parser settings\n  |--------------------------------------------------------------------------\n  |\n  | The settings for the JSON parser. The types defines the request content\n  | types which gets processed by the JSON parser.\n  |\n  */\n  json: {\n    encoding: 'utf-8',\n    limit: '1mb',\n    strict: true,\n    types: [\n      'application/json',\n      'application/json-patch+json',\n      'application/vnd.api+json',\n      'application/csp-report',\n    ],\n  },\n\n  /*\n  |--------------------------------------------------------------------------\n  | Form parser settings\n  |--------------------------------------------------------------------------\n  |\n  | The settings for the `application/x-www-form-urlencoded` parser. The types\n  | defines the request content types which gets processed by the form parser.\n  |\n  */\n  form: {\n    encoding: 'utf-8',\n    limit: '1mb',\n    queryString: {},\n\n    /*\n    |--------------------------------------------------------------------------\n    | Convert empty strings to null\n    |--------------------------------------------------------------------------\n    |\n    | Convert empty form fields to null. HTML forms results in field string\n    | value when the field is left blank. This option normalizes all the blank\n    | field values to \"null\"\n    |\n    */\n    convertEmptyStringsToNull: true,\n\n    types: [\n      'application/x-www-form-urlencoded',\n    ],\n  },\n\n  /*\n  |--------------------------------------------------------------------------\n  | Raw body parser settings\n  |--------------------------------------------------------------------------\n  |\n  | Raw body just reads the request body stream as a plain text, which you\n  | can process by hand. This must be used when request body type is not\n  | supported by the body parser.\n  |\n  */\n  raw: {\n    encoding: 'utf-8',\n    limit: '1mb',\n    queryString: {},\n    types: [\n      'text/*',\n    ],\n  },\n\n  /*\n  |--------------------------------------------------------------------------\n  | Multipart parser settings\n  |--------------------------------------------------------------------------\n  |\n  | The settings for the `multipart/form-data` parser. The types defines the\n  | request content types which gets processed by the form parser.\n  |\n  */\n  multipart: {\n    /*\n    |--------------------------------------------------------------------------\n    | Auto process\n    |--------------------------------------------------------------------------\n    |\n    | The auto process option will process uploaded files and writes them to\n    | the `tmp` folder. You can turn it off and then manually use the stream\n    | to pipe stream to a different destination.\n    |\n    | It is recommended to keep `autoProcess=true`. Unless you are processing bigger\n    | file sizes.\n    |\n    */\n    autoProcess: true,\n\n    /*\n    |--------------------------------------------------------------------------\n    | Files to be processed manually\n    |--------------------------------------------------------------------------\n    |\n    | You can turn off `autoProcess` for certain routes by defining\n    | routes inside the following array.\n    |\n    | NOTE: Make sure the route pattern starts with a leading slash.\n    |\n    | Correct\n    | ```js\n    | /projects/:id/file\n    | ```\n    |\n    | Incorrect\n    | ```js\n    | projects/:id/file\n    | ```\n    */\n    processManually: [],\n\n    /*\n    |--------------------------------------------------------------------------\n    | Temporary file name\n    |--------------------------------------------------------------------------\n    |\n    | When auto processing is on. We will use this method to compute the temporary\n    | file name. AdonisJs will compute a unique `tmpPath` for you automatically,\n    | However, you can also define your own custom method.\n    |\n    */\n    // tmpFileName () {\n    // },\n\n    /*\n    |--------------------------------------------------------------------------\n    | Encoding\n    |--------------------------------------------------------------------------\n    |\n    | Request body encoding\n    |\n    */\n    encoding: 'utf-8',\n\n    /*\n    |--------------------------------------------------------------------------\n    | Convert empty strings to null\n    |--------------------------------------------------------------------------\n    |\n    | Convert empty form fields to null. HTML forms results in field string\n    | value when the field is left blank. This option normalizes all the blank\n    | field values to \"null\"\n    |\n    */\n    convertEmptyStringsToNull: true,\n\n    /*\n    |--------------------------------------------------------------------------\n    | Max Fields\n    |--------------------------------------------------------------------------\n    |\n    | The maximum number of fields allowed in the request body. The field includes\n    | text inputs and files both.\n    |\n    */\n    maxFields: 1000,\n\n    /*\n    |--------------------------------------------------------------------------\n    | Request body limit\n    |--------------------------------------------------------------------------\n    |\n    | The total limit to the multipart body. This includes all request files\n    | and fields data.\n    |\n    */\n    limit: '20mb',\n\n    /*\n    |--------------------------------------------------------------------------\n    | Types\n    |--------------------------------------------------------------------------\n    |\n    | The types that will be considered and parsed as multipart body.\n    |\n    */\n    types: [\n      'multipart/form-data',\n    ],\n  },\n}\n\nexport default bodyParserConfig\n"]},"_coverageSchema":"1a1c01bbd47fc00a2c39e90264f33305004495a9","hash":"564732190784dd20ac96c3679fbdef2530153f6b","contentHash":"a76e70c82a903db5f758bb3cc89e37c7d87d52ae244d0cf6cd99fcb1b9e9c4f3"},"D:\\Unal\\2023-1\\BootcampBackend\\Proyectos\\api-hastaTuCasa\\config\\cors.ts":{"path":"D:\\Unal\\2023-1\\BootcampBackend\\Proyectos\\api-hastaTuCasa\\config\\cors.ts","statementMap":{"0":{"start":{"line":2,"column":0},"end":{"line":2,"column":62}},"1":{"start":{"line":3,"column":19},"end":{"line":18,"column":1}},"2":{"start":{"line":19,"column":0},"end":{"line":19,"column":29}}},"fnMap":{},"branchMap":{},"s":{"0":1,"1":1,"2":1},"f":{},"b":{},"inputSourceMap":{"version":3,"file":"cors.js","sourceRoot":"","sources":["cors.ts"],"names":[],"mappings":";;AASA,MAAM,UAAU,GAAe;IAa7B,OAAO,EAAE,KAAK;IAwBd,MAAM,EAAE,IAAI;IAYZ,OAAO,EAAE,CAAC,KAAK,EAAE,MAAM,EAAE,MAAM,EAAE,KAAK,EAAE,QAAQ,CAAC;IAmBjD,OAAO,EAAE,IAAI;IAsBb,aAAa,EAAE;QACb,eAAe;QACf,kBAAkB;QAClB,cAAc;QACd,SAAS;QACT,eAAe;QACf,QAAQ;KACT;IAaD,WAAW,EAAE,IAAI;IAWjB,MAAM,EAAE,EAAE;CACX,CAAA;AAED,kBAAe,UAAU,CAAA","sourcesContent":["/**\n * Config source: https://git.io/JfefC\n *\n * Feel free to let us know via PR, if you find something broken in this config\n * file.\n */\n\nimport type { CorsConfig } from '@ioc:Adonis/Core/Cors'\n\nconst corsConfig: CorsConfig = {\n  /*\n  |--------------------------------------------------------------------------\n  | Enabled\n  |--------------------------------------------------------------------------\n  |\n  | A boolean to enable or disable CORS integration from your AdonisJs\n  | application.\n  |\n  | Setting the value to `true` will enable the CORS for all HTTP request. However,\n  | you can define a function to enable/disable it on per request basis as well.\n  |\n  */\n  enabled: false,\n\n  // You can also use a function that return true or false.\n  // enabled: (request) => request.url().startsWith('/api')\n\n  /*\n  |--------------------------------------------------------------------------\n  | Origin\n  |--------------------------------------------------------------------------\n  |\n  | Set a list of origins to be allowed for `Access-Control-Allow-Origin`.\n  | The value can be one of the following:\n  |\n  | https://developer.mozilla.org/en-US/docs/Web/HTTP/Headers/Access-Control-Allow-Origin\n  |\n  | Boolean (true)    - Allow current request origin.\n  | Boolean (false)   - Disallow all.\n  | String            - Comma separated list of allowed origins.\n  | Array             - An array of allowed origins.\n  | String (*)        - A wildcard (*) to allow all request origins.\n  | Function          - Receives the current origin string and should return\n  |                     one of the above values.\n  |\n  */\n  origin: true,\n\n  /*\n  |--------------------------------------------------------------------------\n  | Methods\n  |--------------------------------------------------------------------------\n  |\n  | An array of allowed HTTP methods for CORS. The `Access-Control-Request-Method`\n  | is checked against the following list.\n  |\n  | Following is the list of default methods. Feel free to add more.\n  */\n  methods: ['GET', 'HEAD', 'POST', 'PUT', 'DELETE'],\n\n  /*\n  |--------------------------------------------------------------------------\n  | Headers\n  |--------------------------------------------------------------------------\n  |\n  | List of headers to be allowed for `Access-Control-Allow-Headers` header.\n  | The value can be one of the following:\n  |\n  | https://developer.mozilla.org/en-US/docs/Web/HTTP/Headers/Access-Control-Request-Headers\n  |\n  | Boolean(true)     - Allow all headers mentioned in `Access-Control-Request-Headers`.\n  | Boolean(false)    - Disallow all headers.\n  | String            - Comma separated list of allowed headers.\n  | Array             - An array of allowed headers.\n  | Function          - Receives the current header and should return one of the above values.\n  |\n  */\n  headers: true,\n\n  /*\n  |--------------------------------------------------------------------------\n  | Expose Headers\n  |--------------------------------------------------------------------------\n  |\n  | A list of headers to be exposed by setting `Access-Control-Expose-Headers`.\n  | header. By default following 6 simple response headers are exposed.\n  |\n  | Cache-Control\n  | Content-Language\n  | Content-Type\n  | Expires\n  | Last-Modified\n  | Pragma\n  |\n  | In order to add more headers, simply define them inside the following array.\n  |\n  | https://developer.mozilla.org/en-US/docs/Web/HTTP/Headers/Access-Control-Expose-Headers\n  |\n  */\n  exposeHeaders: [\n    'cache-control',\n    'content-language',\n    'content-type',\n    'expires',\n    'last-modified',\n    'pragma',\n  ],\n\n  /*\n  |--------------------------------------------------------------------------\n  | Credentials\n  |--------------------------------------------------------------------------\n  |\n  | Toggle `Access-Control-Allow-Credentials` header. If value is set to `true`,\n  | then header will be set, otherwise not.\n  |\n  | https://developer.mozilla.org/en-US/docs/Web/HTTP/Headers/Access-Control-Allow-Credentials\n  |\n  */\n  credentials: true,\n\n  /*\n  |--------------------------------------------------------------------------\n  | MaxAge\n  |--------------------------------------------------------------------------\n  |\n  | Define `Access-Control-Max-Age` header in seconds.\n  | https://developer.mozilla.org/en-US/docs/Web/HTTP/Headers/Access-Control-Max-Age\n  |\n  */\n  maxAge: 90,\n}\n\nexport default corsConfig\n"]},"_coverageSchema":"1a1c01bbd47fc00a2c39e90264f33305004495a9","hash":"c65481957341f5c6aa20398204148150c7295f49","contentHash":"6ffa21666eb6db4abbc09dcbd7591da80c7f1fcdc0c73bc69161c1a58a4a29bb"},"D:\\Unal\\2023-1\\BootcampBackend\\Proyectos\\api-hastaTuCasa\\config\\database.ts":{"path":"D:\\Unal\\2023-1\\BootcampBackend\\Proyectos\\api-hastaTuCasa\\config\\database.ts","statementMap":{"0":{"start":{"line":2,"column":22},"end":{"line":4,"column":1}},"1":{"start":{"line":3,"column":4},"end":{"line":3,"column":62}},"2":{"start":{"line":5,"column":0},"end":{"line":5,"column":62}},"3":{"start":{"line":6,"column":14},"end":{"line":6,"column":79}},"4":{"start":{"line":7,"column":23},"end":{"line":24,"column":1}},"5":{"start":{"line":25,"column":0},"end":{"line":25,"column":33}}},"fnMap":{"0":{"name":"(anonymous_0)","decl":{"start":{"line":2,"column":56},"end":{"line":2,"column":57}},"loc":{"start":{"line":2,"column":71},"end":{"line":4,"column":1}},"line":2}},"branchMap":{"0":{"loc":{"start":{"line":2,"column":22},"end":{"line":4,"column":1}},"type":"binary-expr","locations":[{"start":{"line":2,"column":23},"end":{"line":2,"column":27}},{"start":{"line":2,"column":31},"end":{"line":2,"column":51}},{"start":{"line":2,"column":56},"end":{"line":4,"column":1}}],"line":2},"1":{"loc":{"start":{"line":3,"column":11},"end":{"line":3,"column":61}},"type":"cond-expr","locations":[{"start":{"line":3,"column":37},"end":{"line":3,"column":40}},{"start":{"line":3,"column":43},"end":{"line":3,"column":61}}],"line":3},"2":{"loc":{"start":{"line":3,"column":12},"end":{"line":3,"column":33}},"type":"binary-expr","locations":[{"start":{"line":3,"column":12},"end":{"line":3,"column":15}},{"start":{"line":3,"column":19},"end":{"line":3,"column":33}}],"line":3}},"s":{"0":1,"1":1,"2":1,"3":1,"4":1,"5":1},"f":{"0":1},"b":{"0":[1,1,1],"1":[0,1],"2":[1,1]},"inputSourceMap":{"version":3,"file":"database.js","sourceRoot":"","sources":["database.ts"],"names":[],"mappings":";;;;;AAOA,gFAAsC;AAItC,MAAM,cAAc,GAAiD;IAWnE,UAAU,EAAE,aAAG,CAAC,GAAG,CAAC,eAAe,CAAC;IAEpC,WAAW,EAAE;QAYX,EAAE,EAAE;YACF,MAAM,EAAE,IAAI;YACZ,UAAU,EAAE;gBACV,IAAI,EAAE,aAAG,CAAC,GAAG,CAAC,SAAS,CAAC;gBACxB,IAAI,EAAE,aAAG,CAAC,GAAG,CAAC,SAAS,CAAC;gBACxB,IAAI,EAAE,aAAG,CAAC,GAAG,CAAC,SAAS,CAAC;gBACxB,QAAQ,EAAE,aAAG,CAAC,GAAG,CAAC,aAAa,EAAE,EAAE,CAAC;gBACpC,QAAQ,EAAE,aAAG,CAAC,GAAG,CAAC,YAAY,CAAC;aAChC;YACD,WAAW,EAAE,KAAK;YACrB,KAAK,EAAE,KAAK;SACV;KAEF;IAcD,GAAG,EAAE,EACJ;CACF,CAAA;AAED,kBAAe,cAAc,CAAA","sourcesContent":["/**\n * Config source: https://git.io/JesV9\n *\n * Feel free to let us know via PR, if you find something broken in this config\n * file.\n */\n\nimport Env from '@ioc:Adonis/Core/Env'\nimport { OrmConfig } from '@ioc:Adonis/Lucid/Orm'\nimport { DatabaseConfig } from '@ioc:Adonis/Lucid/Database'\n\nconst databaseConfig: DatabaseConfig & { orm: Partial<OrmConfig> } = {\n  /*\n  |--------------------------------------------------------------------------\n  | Connection\n  |--------------------------------------------------------------------------\n  |\n  | The primary connection for making database queries across the application\n  | You can use any key from the `connections` object defined in this same\n  | file.\n  |\n  */\n  connection: Env.get('DB_CONNECTION'),\n\n  connections: {\n    /*\n    |--------------------------------------------------------------------------\n    | PostgreSQL config\n    |--------------------------------------------------------------------------\n    |\n    | Configuration for PostgreSQL database. Make sure to install the driver\n    | from npm when using this connection\n    |\n    | npm i pg\n    |\n    */\n    pg: {\n      client: 'pg',\n      connection: {\n        host: Env.get('PG_HOST'),\n        port: Env.get('PG_PORT'),\n        user: Env.get('PG_USER'),\n        password: Env.get('PG_PASSWORD', ''),\n        database: Env.get('PG_DB_NAME'),\n      },\n      healthCheck: false,\n\t\t\tdebug: false,\n    },\n\n  },\n\n  /*\n  |--------------------------------------------------------------------------\n  | ORM Configuration\n  |--------------------------------------------------------------------------\n  |\n  | Following are some of the configuration options to tweak the conventional\n  | settings of the ORM. For example:\n  |\n  | - Define a custom function to compute the default table name for a given model.\n  | - Or define a custom function to compute the primary key for a given model.\n  |\n  */\n  orm: {\n  },\n}\n\nexport default databaseConfig\n"]},"_coverageSchema":"1a1c01bbd47fc00a2c39e90264f33305004495a9","hash":"5cb37fb1388cf4a78a9a84a23825c8f0827bb37b","contentHash":"02758ee249ab36a509384948e1e122fa14bc410aff8d27db51016b9bf5d30fd3"},"D:\\Unal\\2023-1\\BootcampBackend\\Proyectos\\api-hastaTuCasa\\config\\drive.ts":{"path":"D:\\Unal\\2023-1\\BootcampBackend\\Proyectos\\api-hastaTuCasa\\config\\drive.ts","statementMap":{"0":{"start":{"line":2,"column":22},"end":{"line":4,"column":1}},"1":{"start":{"line":3,"column":4},"end":{"line":3,"column":62}},"2":{"start":{"line":5,"column":0},"end":{"line":5,"column":62}},"3":{"start":{"line":6,"column":14},"end":{"line":6,"column":79}},"4":{"start":{"line":7,"column":17},"end":{"line":7,"column":55}},"5":{"start":{"line":8,"column":22},"end":{"line":8,"column":95}},"6":{"start":{"line":9,"column":0},"end":{"line":20,"column":3}}},"fnMap":{"0":{"name":"(anonymous_0)","decl":{"start":{"line":2,"column":56},"end":{"line":2,"column":57}},"loc":{"start":{"line":2,"column":71},"end":{"line":4,"column":1}},"line":2}},"branchMap":{"0":{"loc":{"start":{"line":2,"column":22},"end":{"line":4,"column":1}},"type":"binary-expr","locations":[{"start":{"line":2,"column":23},"end":{"line":2,"column":27}},{"start":{"line":2,"column":31},"end":{"line":2,"column":51}},{"start":{"line":2,"column":56},"end":{"line":4,"column":1}}],"line":2},"1":{"loc":{"start":{"line":3,"column":11},"end":{"line":3,"column":61}},"type":"cond-expr","locations":[{"start":{"line":3,"column":37},"end":{"line":3,"column":40}},{"start":{"line":3,"column":43},"end":{"line":3,"column":61}}],"line":3},"2":{"loc":{"start":{"line":3,"column":12},"end":{"line":3,"column":33}},"type":"binary-expr","locations":[{"start":{"line":3,"column":12},"end":{"line":3,"column":15}},{"start":{"line":3,"column":19},"end":{"line":3,"column":33}}],"line":3}},"s":{"0":1,"1":2,"2":1,"3":1,"4":1,"5":1,"6":1},"f":{"0":2},"b":{"0":[1,1,1],"1":[0,2],"2":[2,2]},"inputSourceMap":{"version":3,"file":"drive.js","sourceRoot":"","sources":["drive.ts"],"names":[],"mappings":";;;;;AAOA,gFAAsC;AACtC,wDAAyD;AACzD,gGAAsD;AAWtD,kBAAe,IAAA,oBAAW,EAAC;IAUzB,IAAI,EAAE,aAAG,CAAC,GAAG,CAAC,YAAY,CAAC;IAE3B,KAAK,EAAE;QAUL,KAAK,EAAE;YACL,MAAM,EAAE,OAAO;YACf,UAAU,EAAE,QAAQ;YAWpB,IAAI,EAAE,qBAAW,CAAC,OAAO,CAAC,SAAS,CAAC;YAYpC,UAAU,EAAE,IAAI;YAYhB,QAAQ,EAAE,UAAU;SACrB;KAmEF;CACF,CAAC,CAAA","sourcesContent":["/**\n * Config source: https://git.io/JBt3o\n *\n * Feel free to let us know via PR, if you find something broken in this config\n * file.\n */\n\nimport Env from '@ioc:Adonis/Core/Env'\nimport { driveConfig } from '@adonisjs/core/build/config'\nimport Application from '@ioc:Adonis/Core/Application'\n\n/*\n|--------------------------------------------------------------------------\n| Drive Config\n|--------------------------------------------------------------------------\n|\n| The `DriveConfig` relies on the `DisksList` interface which is\n| defined inside the `contracts` directory.\n|\n*/\nexport default driveConfig({\n  /*\n  |--------------------------------------------------------------------------\n  | Default disk\n  |--------------------------------------------------------------------------\n  |\n  | The default disk to use for managing file uploads. The value is driven by\n  | the `DRIVE_DISK` environment variable.\n  |\n  */\n  disk: Env.get('DRIVE_DISK'),\n\n  disks: {\n    /*\n    |--------------------------------------------------------------------------\n    | Local\n    |--------------------------------------------------------------------------\n    |\n    | Uses the local file system to manage files. Make sure to turn off serving\n    | files when not using this disk.\n    |\n    */\n    local: {\n      driver: 'local',\n      visibility: 'public',\n\n      /*\n      |--------------------------------------------------------------------------\n      | Storage root - Local driver only\n      |--------------------------------------------------------------------------\n      |\n      | Define an absolute path to the storage directory from where to read the\n      | files.\n      |\n      */\n      root: Application.tmpPath('uploads'),\n\n      /*\n      |--------------------------------------------------------------------------\n      | Serve files - Local driver only\n      |--------------------------------------------------------------------------\n      |\n      | When this is set to true, AdonisJS will configure a files server to serve\n      | files from the disk root. This is done to mimic the behavior of cloud\n      | storage services that has inbuilt capabilities to serve files.\n      |\n      */\n      serveFiles: true,\n\n      /*\n      |--------------------------------------------------------------------------\n      | Base path - Local driver only\n      |--------------------------------------------------------------------------\n      |\n      | Base path is always required when \"serveFiles = true\". Also make sure\n      | the `basePath` is unique across all the disks using \"local\" driver and\n      | you are not registering routes with this prefix.\n      |\n      */\n      basePath: '/uploads',\n    },\n\n    /*\n    |--------------------------------------------------------------------------\n    | S3 Driver\n    |--------------------------------------------------------------------------\n    |\n    | Uses the S3 cloud storage to manage files. Make sure to install the s3\n    | drive separately when using it.\n    |\n    |**************************************************************************\n    | npm i @adonisjs/drive-s3\n    |**************************************************************************\n    |\n    */\n    // s3: {\n    //   driver: 's3',\n    //   visibility: 'public',\n    //   key: Env.get('S3_KEY'),\n    //   secret: Env.get('S3_SECRET'),\n    //   region: Env.get('S3_REGION'),\n    //   bucket: Env.get('S3_BUCKET'),\n    //   endpoint: Env.get('S3_ENDPOINT'),\n    //\n    //  // For minio to work\n    //  // forcePathStyle: true,\n    // },\n\n    /*\n    |--------------------------------------------------------------------------\n    | GCS Driver\n    |--------------------------------------------------------------------------\n    |\n    | Uses the Google cloud storage to manage files. Make sure to install the GCS\n    | drive separately when using it.\n    |\n    |**************************************************************************\n    | npm i @adonisjs/drive-gcs\n    |**************************************************************************\n    |\n    */\n    // gcs: {\n    //   driver: 'gcs',\n    //   visibility: 'public',\n    //   keyFilename: Env.get('GCS_KEY_FILENAME'),\n    //   bucket: Env.get('GCS_BUCKET'),\n\n      /*\n      |--------------------------------------------------------------------------\n      | Uniform ACL - Google cloud storage only\n      |--------------------------------------------------------------------------\n      |\n      | When using the Uniform ACL on the bucket, the \"visibility\" option is\n      | ignored. Since, the files ACL is managed by the google bucket policies\n      | directly.\n      |\n      |**************************************************************************\n      | Learn more: https://cloud.google.com/storage/docs/uniform-bucket-level-access\n      |**************************************************************************\n      |\n      | The following option just informs drive whether your bucket is using uniform\n      | ACL or not. The actual setting needs to be toggled within the Google cloud\n      | console.\n      |\n      */\n    //   usingUniformAcl: false,\n    // },\n  },\n})\n"]},"_coverageSchema":"1a1c01bbd47fc00a2c39e90264f33305004495a9","hash":"26ac50f3bdf4667b0fd53f450df1445f33cbdbfb","contentHash":"96c356576aed32ebe67db82d67393798334b9261c6820f49c902f2e5e91ada2a"},"D:\\Unal\\2023-1\\BootcampBackend\\Proyectos\\api-hastaTuCasa\\config\\hash.ts":{"path":"D:\\Unal\\2023-1\\BootcampBackend\\Proyectos\\api-hastaTuCasa\\config\\hash.ts","statementMap":{"0":{"start":{"line":2,"column":22},"end":{"line":4,"column":1}},"1":{"start":{"line":3,"column":4},"end":{"line":3,"column":62}},"2":{"start":{"line":5,"column":0},"end":{"line":5,"column":62}},"3":{"start":{"line":6,"column":14},"end":{"line":6,"column":79}},"4":{"start":{"line":7,"column":17},"end":{"line":7,"column":55}},"5":{"start":{"line":8,"column":0},"end":{"line":33,"column":3}}},"fnMap":{"0":{"name":"(anonymous_0)","decl":{"start":{"line":2,"column":56},"end":{"line":2,"column":57}},"loc":{"start":{"line":2,"column":71},"end":{"line":4,"column":1}},"line":2}},"branchMap":{"0":{"loc":{"start":{"line":2,"column":22},"end":{"line":4,"column":1}},"type":"binary-expr","locations":[{"start":{"line":2,"column":23},"end":{"line":2,"column":27}},{"start":{"line":2,"column":31},"end":{"line":2,"column":51}},{"start":{"line":2,"column":56},"end":{"line":4,"column":1}}],"line":2},"1":{"loc":{"start":{"line":3,"column":11},"end":{"line":3,"column":61}},"type":"cond-expr","locations":[{"start":{"line":3,"column":37},"end":{"line":3,"column":40}},{"start":{"line":3,"column":43},"end":{"line":3,"column":61}}],"line":3},"2":{"loc":{"start":{"line":3,"column":12},"end":{"line":3,"column":33}},"type":"binary-expr","locations":[{"start":{"line":3,"column":12},"end":{"line":3,"column":15}},{"start":{"line":3,"column":19},"end":{"line":3,"column":33}}],"line":3}},"s":{"0":1,"1":1,"2":1,"3":1,"4":1,"5":1},"f":{"0":1},"b":{"0":[1,1,1],"1":[0,1],"2":[1,1]},"inputSourceMap":{"version":3,"file":"hash.js","sourceRoot":"","sources":["hash.ts"],"names":[],"mappings":";;;;;AAOA,gFAAsC;AACtC,wDAAwD;AAWxD,kBAAe,IAAA,mBAAU,EAAC;IAUxB,OAAO,EAAE,aAAG,CAAC,GAAG,CAAC,aAAa,EAAE,QAAQ,CAAC;IAEzC,IAAI,EAAE;QAcJ,MAAM,EAAE;YACN,MAAM,EAAE,QAAQ;YAChB,IAAI,EAAE,KAAK;YACX,SAAS,EAAE,CAAC;YACZ,eAAe,EAAE,CAAC;YAClB,QAAQ,EAAE,EAAE;YACZ,SAAS,EAAE,EAAE;YACb,SAAS,EAAE,EAAE,GAAG,IAAI,GAAG,IAAI;SAC5B;QAeD,KAAK,EAAE;YACL,MAAM,EAAE,QAAQ;YAChB,OAAO,EAAE,IAAI;YACb,UAAU,EAAE,CAAC;YACb,MAAM,EAAE,IAAI;YACZ,WAAW,EAAE,CAAC;YACd,QAAQ,EAAE,EAAE;SACb;QAeD,MAAM,EAAE;YACN,MAAM,EAAE,QAAQ;YAChB,MAAM,EAAE,EAAE;SACX;KACF;CACF,CAAC,CAAA","sourcesContent":["/**\n * Config source: https://git.io/JfefW\n *\n * Feel free to let us know via PR, if you find something broken in this config\n * file.\n */\n\nimport Env from '@ioc:Adonis/Core/Env'\nimport { hashConfig } from '@adonisjs/core/build/config'\n\n/*\n|--------------------------------------------------------------------------\n| Hash Config\n|--------------------------------------------------------------------------\n|\n| The `HashConfig` relies on the `HashList` interface which is\n| defined inside `contracts` directory.\n|\n*/\nexport default hashConfig({\n  /*\n  |--------------------------------------------------------------------------\n  | Default hasher\n  |--------------------------------------------------------------------------\n  |\n  | By default we make use of the argon hasher to hash values. However, feel\n  | free to change the default value\n  |\n  */\n  default: Env.get('HASH_DRIVER', 'scrypt'),\n\n  list: {\n    /*\n    |--------------------------------------------------------------------------\n    | scrypt\n    |--------------------------------------------------------------------------\n    |\n    | Scrypt mapping uses the Node.js inbuilt crypto module for creating\n    | hashes.\n    |\n    | We are using the default configuration recommended within the Node.js\n    | documentation.\n    | https://nodejs.org/api/crypto.html#cryptoscryptpassword-salt-keylen-options-callback\n    |\n    */\n    scrypt: {\n      driver: 'scrypt',\n      cost: 16384,\n      blockSize: 8,\n      parallelization: 1,\n      saltSize: 16,\n      keyLength: 64,\n      maxMemory: 32 * 1024 * 1024,\n    },\n\n    /*\n    |--------------------------------------------------------------------------\n    | Argon\n    |--------------------------------------------------------------------------\n    |\n    | Argon mapping uses the `argon2` driver to hash values.\n    |\n    | Make sure you install the underlying dependency for this driver to work.\n    | https://www.npmjs.com/package/phc-argon2.\n    |\n    | npm install phc-argon2\n    |\n    */\n    argon: {\n      driver: 'argon2',\n      variant: 'id',\n      iterations: 3,\n      memory: 4096,\n      parallelism: 1,\n      saltSize: 16,\n    },\n\n    /*\n    |--------------------------------------------------------------------------\n    | Bcrypt\n    |--------------------------------------------------------------------------\n    |\n    | Bcrypt mapping uses the `bcrypt` driver to hash values.\n    |\n    | Make sure you install the underlying dependency for this driver to work.\n    | https://www.npmjs.com/package/phc-bcrypt.\n    |\n    | npm install phc-bcrypt\n    |\n    */\n    bcrypt: {\n      driver: 'bcrypt',\n      rounds: 10,\n    },\n  },\n})\n"]},"_coverageSchema":"1a1c01bbd47fc00a2c39e90264f33305004495a9","hash":"d6a4ff10370731a3d69e7bc826e892c0518173df","contentHash":"9cbf768989f5068f7f5c1a044c415fdba7b89962e0fb19162ae444154919d925"},"D:\\Unal\\2023-1\\BootcampBackend\\Proyectos\\api-hastaTuCasa\\providers\\AppProvider.ts":{"path":"D:\\Unal\\2023-1\\BootcampBackend\\Proyectos\\api-hastaTuCasa\\providers\\AppProvider.ts","statementMap":{"0":{"start":{"line":2,"column":0},"end":{"line":2,"column":62}},"1":{"start":{"line":5,"column":8},"end":{"line":5,"column":23}},"2":{"start":{"line":16,"column":0},"end":{"line":16,"column":30}}},"fnMap":{"0":{"name":"(anonymous_0)","decl":{"start":{"line":4,"column":4},"end":{"line":4,"column":5}},"loc":{"start":{"line":4,"column":21},"end":{"line":6,"column":5}},"line":4},"1":{"name":"(anonymous_1)","decl":{"start":{"line":7,"column":4},"end":{"line":7,"column":5}},"loc":{"start":{"line":7,"column":15},"end":{"line":8,"column":5}},"line":7},"2":{"name":"(anonymous_2)","decl":{"start":{"line":9,"column":4},"end":{"line":9,"column":5}},"loc":{"start":{"line":9,"column":17},"end":{"line":10,"column":5}},"line":9},"3":{"name":"(anonymous_3)","decl":{"start":{"line":11,"column":4},"end":{"line":11,"column":5}},"loc":{"start":{"line":11,"column":18},"end":{"line":12,"column":5}},"line":11},"4":{"name":"(anonymous_4)","decl":{"start":{"line":13,"column":4},"end":{"line":13,"column":5}},"loc":{"start":{"line":13,"column":21},"end":{"line":14,"column":5}},"line":13}},"branchMap":{},"s":{"0":1,"1":1,"2":1},"f":{"0":1,"1":1,"2":1,"3":1,"4":1},"b":{},"inputSourceMap":{"version":3,"file":"AppProvider.js","sourceRoot":"","sources":["AppProvider.ts"],"names":[],"mappings":";;AAEA,MAAqB,WAAW;IAC9B,YAAuB,GAAwB;QAAxB,QAAG,GAAH,GAAG,CAAqB;IAC/C,CAAC;IAEM,QAAQ;IAEf,CAAC;IAEM,KAAK,CAAC,IAAI;IAEjB,CAAC;IAEM,KAAK,CAAC,KAAK;IAElB,CAAC;IAEM,KAAK,CAAC,QAAQ;IAErB,CAAC;CACF;AAnBD,8BAmBC","sourcesContent":["import type { ApplicationContract } from '@ioc:Adonis/Core/Application'\n\nexport default class AppProvider {\n  constructor (protected app: ApplicationContract) {\n  }\n\n  public register () {\n    // Register your own bindings\n  }\n\n  public async boot () {\n    // IoC container is ready\n  }\n\n  public async ready () {\n    // App is ready\n  }\n\n  public async shutdown () {\n    // Cleanup, since app is going down\n  }\n}\n"]},"_coverageSchema":"1a1c01bbd47fc00a2c39e90264f33305004495a9","hash":"834d2988438ac4bc9046eddd7105c8bba5fde4ec","contentHash":"4600e5308de83f6d5c9c002b68f218a0aa490788e95e7270feb756b42c69911a"},"D:\\Unal\\2023-1\\BootcampBackend\\Proyectos\\api-hastaTuCasa\\start\\routes.ts":{"path":"D:\\Unal\\2023-1\\BootcampBackend\\Proyectos\\api-hastaTuCasa\\start\\routes.ts","statementMap":{"0":{"start":{"line":2,"column":22},"end":{"line":4,"column":1}},"1":{"start":{"line":3,"column":4},"end":{"line":3,"column":62}},"2":{"start":{"line":5,"column":0},"end":{"line":5,"column":62}},"3":{"start":{"line":6,"column":16},"end":{"line":6,"column":83}},"4":{"start":{"line":7,"column":0},"end":{"line":9,"column":3}},"5":{"start":{"line":8,"column":4},"end":{"line":8,"column":30}},"6":{"start":{"line":10,"column":0},"end":{"line":16,"column":29}},"7":{"start":{"line":11,"column":4},"end":{"line":11,"column":74}},"8":{"start":{"line":12,"column":4},"end":{"line":12,"column":74}},"9":{"start":{"line":13,"column":4},"end":{"line":13,"column":95}},"10":{"start":{"line":14,"column":4},"end":{"line":14,"column":114}},"11":{"start":{"line":15,"column":4},"end":{"line":15,"column":110}},"12":{"start":{"line":17,"column":0},"end":{"line":19,"column":29}},"13":{"start":{"line":18,"column":4},"end":{"line":18,"column":73}},"14":{"start":{"line":20,"column":0},"end":{"line":32,"column":67}},"15":{"start":{"line":21,"column":4},"end":{"line":21,"column":76}},"16":{"start":{"line":22,"column":4},"end":{"line":22,"column":71}},"17":{"start":{"line":23,"column":4},"end":{"line":23,"column":90}},"18":{"start":{"line":24,"column":4},"end":{"line":24,"column":83}},"19":{"start":{"line":25,"column":4},"end":{"line":25,"column":74}},"20":{"start":{"line":26,"column":4},"end":{"line":26,"column":77}},"21":{"start":{"line":27,"column":4},"end":{"line":27,"column":81}},"22":{"start":{"line":28,"column":4},"end":{"line":28,"column":90}},"23":{"start":{"line":29,"column":4},"end":{"line":29,"column":85}},"24":{"start":{"line":30,"column":4},"end":{"line":30,"column":72}},"25":{"start":{"line":31,"column":4},"end":{"line":31,"column":83}},"26":{"start":{"line":33,"column":0},"end":{"line":42,"column":69}},"27":{"start":{"line":34,"column":4},"end":{"line":34,"column":103}},"28":{"start":{"line":35,"column":4},"end":{"line":35,"column":98}},"29":{"start":{"line":36,"column":4},"end":{"line":36,"column":117}},"30":{"start":{"line":37,"column":4},"end":{"line":37,"column":110}},"31":{"start":{"line":38,"column":4},"end":{"line":38,"column":86}},"32":{"start":{"line":39,"column":4},"end":{"line":39,"column":82}},"33":{"start":{"line":40,"column":4},"end":{"line":40,"column":90}},"34":{"start":{"line":41,"column":4},"end":{"line":41,"column":90}},"35":{"start":{"line":43,"column":0},"end":{"line":49,"column":48}},"36":{"start":{"line":44,"column":4},"end":{"line":44,"column":99}},"37":{"start":{"line":45,"column":4},"end":{"line":45,"column":74}},"38":{"start":{"line":46,"column":4},"end":{"line":46,"column":90}},"39":{"start":{"line":47,"column":4},"end":{"line":47,"column":106}},"40":{"start":{"line":48,"column":4},"end":{"line":48,"column":109}},"41":{"start":{"line":50,"column":0},"end":{"line":56,"column":48}},"42":{"start":{"line":51,"column":4},"end":{"line":51,"column":103}},"43":{"start":{"line":52,"column":4},"end":{"line":52,"column":68}},"44":{"start":{"line":53,"column":4},"end":{"line":53,"column":78}},"45":{"start":{"line":54,"column":4},"end":{"line":54,"column":110}},"46":{"start":{"line":55,"column":4},"end":{"line":55,"column":113}},"47":{"start":{"line":57,"column":0},"end":{"line":62,"column":59}},"48":{"start":{"line":58,"column":4},"end":{"line":58,"column":74}},"49":{"start":{"line":59,"column":4},"end":{"line":59,"column":90}},"50":{"start":{"line":60,"column":4},"end":{"line":60,"column":96}},"51":{"start":{"line":61,"column":4},"end":{"line":61,"column":94}},"52":{"start":{"line":63,"column":0},"end":{"line":68,"column":59}},"53":{"start":{"line":64,"column":4},"end":{"line":64,"column":77}},"54":{"start":{"line":65,"column":4},"end":{"line":65,"column":87}},"55":{"start":{"line":66,"column":4},"end":{"line":66,"column":96}},"56":{"start":{"line":67,"column":4},"end":{"line":67,"column":87}},"57":{"start":{"line":69,"column":0},"end":{"line":72,"column":59}},"58":{"start":{"line":70,"column":4},"end":{"line":70,"column":65}},"59":{"start":{"line":71,"column":4},"end":{"line":71,"column":93}},"60":{"start":{"line":73,"column":0},"end":{"line":75,"column":48}},"61":{"start":{"line":74,"column":4},"end":{"line":74,"column":71}}},"fnMap":{"0":{"name":"(anonymous_0)","decl":{"start":{"line":2,"column":56},"end":{"line":2,"column":57}},"loc":{"start":{"line":2,"column":71},"end":{"line":4,"column":1}},"line":2},"1":{"name":"(anonymous_1)","decl":{"start":{"line":7,"column":25},"end":{"line":7,"column":26}},"loc":{"start":{"line":7,"column":37},"end":{"line":9,"column":1}},"line":7},"2":{"name":"(anonymous_2)","decl":{"start":{"line":10,"column":22},"end":{"line":10,"column":23}},"loc":{"start":{"line":10,"column":28},"end":{"line":16,"column":1}},"line":10},"3":{"name":"(anonymous_3)","decl":{"start":{"line":17,"column":22},"end":{"line":17,"column":23}},"loc":{"start":{"line":17,"column":28},"end":{"line":19,"column":1}},"line":17},"4":{"name":"(anonymous_4)","decl":{"start":{"line":20,"column":22},"end":{"line":20,"column":23}},"loc":{"start":{"line":20,"column":28},"end":{"line":32,"column":1}},"line":20},"5":{"name":"(anonymous_5)","decl":{"start":{"line":33,"column":22},"end":{"line":33,"column":23}},"loc":{"start":{"line":33,"column":28},"end":{"line":42,"column":1}},"line":33},"6":{"name":"(anonymous_6)","decl":{"start":{"line":43,"column":22},"end":{"line":43,"column":23}},"loc":{"start":{"line":43,"column":28},"end":{"line":49,"column":1}},"line":43},"7":{"name":"(anonymous_7)","decl":{"start":{"line":50,"column":22},"end":{"line":50,"column":23}},"loc":{"start":{"line":50,"column":28},"end":{"line":56,"column":1}},"line":50},"8":{"name":"(anonymous_8)","decl":{"start":{"line":57,"column":22},"end":{"line":57,"column":23}},"loc":{"start":{"line":57,"column":28},"end":{"line":62,"column":1}},"line":57},"9":{"name":"(anonymous_9)","decl":{"start":{"line":63,"column":22},"end":{"line":63,"column":23}},"loc":{"start":{"line":63,"column":28},"end":{"line":68,"column":1}},"line":63},"10":{"name":"(anonymous_10)","decl":{"start":{"line":69,"column":22},"end":{"line":69,"column":23}},"loc":{"start":{"line":69,"column":28},"end":{"line":72,"column":1}},"line":69},"11":{"name":"(anonymous_11)","decl":{"start":{"line":73,"column":22},"end":{"line":73,"column":23}},"loc":{"start":{"line":73,"column":28},"end":{"line":75,"column":1}},"line":73}},"branchMap":{"0":{"loc":{"start":{"line":2,"column":22},"end":{"line":4,"column":1}},"type":"binary-expr","locations":[{"start":{"line":2,"column":23},"end":{"line":2,"column":27}},{"start":{"line":2,"column":31},"end":{"line":2,"column":51}},{"start":{"line":2,"column":56},"end":{"line":4,"column":1}}],"line":2},"1":{"loc":{"start":{"line":3,"column":11},"end":{"line":3,"column":61}},"type":"cond-expr","locations":[{"start":{"line":3,"column":37},"end":{"line":3,"column":40}},{"start":{"line":3,"column":43},"end":{"line":3,"column":61}}],"line":3},"2":{"loc":{"start":{"line":3,"column":12},"end":{"line":3,"column":33}},"type":"binary-expr","locations":[{"start":{"line":3,"column":12},"end":{"line":3,"column":15}},{"start":{"line":3,"column":19},"end":{"line":3,"column":33}}],"line":3}},"s":{"0":1,"1":1,"2":1,"3":1,"4":1,"5":1,"6":1,"7":1,"8":1,"9":1,"10":1,"11":1,"12":1,"13":1,"14":1,"15":1,"16":1,"17":1,"18":1,"19":1,"20":1,"21":1,"22":1,"23":1,"24":1,"25":1,"26":1,"27":1,"28":1,"29":1,"30":1,"31":1,"32":1,"33":1,"34":1,"35":1,"36":1,"37":1,"38":1,"39":1,"40":1,"41":1,"42":1,"43":1,"44":1,"45":1,"46":1,"47":1,"48":1,"49":1,"50":1,"51":1,"52":1,"53":1,"54":1,"55":1,"56":1,"57":1,"58":1,"59":1,"60":1,"61":1},"f":{"0":1,"1":1,"2":1,"3":1,"4":1,"5":1,"6":1,"7":1,"8":1,"9":1,"10":1,"11":1},"b":{"0":[1,1,1],"1":[0,1],"2":[1,1]},"inputSourceMap":{"version":3,"file":"routes.js","sourceRoot":"","sources":["routes.ts"],"names":[],"mappings":";;;;;AAoBA,oFAA0C;AAE1C,eAAK,CAAC,GAAG,CAAC,GAAG,EAAE,KAAK,IAAI,EAAE;IACxB,OAAO,EAAE,KAAK,EAAE,OAAO,EAAE,CAAA;AAC3B,CAAC,CAAC,CAAA;AAEF,eAAK,CAAC,KAAK,CAAC,GAAG,EAAE;IACf,eAAK,CAAC,IAAI,CAAC,eAAe,EAAE,8BAA8B,CAAC,CAAA;IAC3D,eAAK,CAAC,IAAI,CAAC,eAAe,EAAE,8BAA8B,CAAC,CAAA;IAC3D,eAAK,CAAC,GAAG,CAAC,WAAW,EAAE,0BAA0B,CAAC,CAAC,UAAU,CAAC,CAAC,MAAM,EAAE,OAAO,CAAC,CAAC,CAAA;IAChF,eAAK,CAAC,GAAG,CAAC,wBAAwB,EAAE,gCAAgC,CAAC,CAAC,UAAU,CAAC,CAAC,MAAM,EAAE,OAAO,CAAC,CAAC,CAAA;IACnG,eAAK,CAAC,MAAM,CAAC,iBAAiB,EAAE,gCAAgC,CAAC,CAAC,UAAU,CAAC,CAAC,MAAM,EAAE,OAAO,CAAC,CAAC,CAAA;AACjG,CAAC,CAAC,CAAC,MAAM,CAAC,iBAAiB,CAAC,CAAA;AAE5B,eAAK,CAAC,KAAK,CAAC,GAAG,EAAE;IACf,eAAK,CAAC,IAAI,CAAC,cAAc,EAAE,8BAA8B,CAAC,CAAA;AAC5D,CAAC,CAAC,CAAC,MAAM,CAAC,iBAAiB,CAAC,CAAA;AAE5B,eAAK,CAAC,KAAK,CAAC,GAAG,EAAE;IACf,eAAK,CAAC,IAAI,CAAC,eAAe,EAAE,gCAAgC,CAAC,CAAA;IAC7D,eAAK,CAAC,GAAG,CAAC,aAAa,EAAE,8BAA8B,CAAC,CAAA;IACxD,eAAK,CAAC,GAAG,CAAC,0BAA0B,EAAE,oCAAoC,CAAC,CAAA;IAC3E,eAAK,CAAC,GAAG,CAAC,mBAAmB,EAAE,oCAAoC,CAAC,CAAA;IACpE,eAAK,CAAC,IAAI,CAAC,cAAc,EAAE,+BAA+B,CAAC,CAAA;IAC3D,eAAK,CAAC,GAAG,CAAC,gBAAgB,EAAE,iCAAiC,CAAC,CAAA;IAC9D,eAAK,CAAC,GAAG,CAAC,mBAAmB,EAAE,kCAAkC,CAAC,CAAA;IAClE,eAAK,CAAC,GAAG,CAAC,0BAA0B,EAAE,oCAAoC,CAAC,CAAA;IAC3E,eAAK,CAAC,GAAG,CAAC,oBAAoB,EAAE,qCAAqC,CAAC,CAAA;IACtE,eAAK,CAAC,IAAI,CAAC,cAAc,EAAE,6BAA6B,CAAC,CAAA;IACzD,eAAK,CAAC,IAAI,CAAC,sBAAsB,EAAE,gCAAgC,CAAC,CAAA;AACtE,CAAC,CAAC,CAAC,MAAM,CAAC,wBAAwB,CAAC,CAAC,UAAU,CAAC,CAAC,MAAM,EAAE,QAAQ,CAAC,CAAC,CAAA;AAElE,eAAK,CAAC,KAAK,CAAC,GAAG,EAAE;IACf,eAAK,CAAC,IAAI,CAAC,wBAAwB,EAAE,kDAAkD,CAAC,CAAA;IACxF,eAAK,CAAC,GAAG,CAAC,sBAAsB,EAAE,gDAAgD,CAAC,CAAA;IACnF,eAAK,CAAC,GAAG,CAAC,mCAAmC,EAAE,sDAAsD,CAAC,CAAA;IACtG,eAAK,CAAC,GAAG,CAAC,4BAA4B,EAAE,sDAAsD,CAAC,CAAA;IAC/F,eAAK,CAAC,GAAG,CAAC,gBAAgB,EAAE,0CAA0C,CAAC,CAAA;IACvE,eAAK,CAAC,GAAG,CAAC,cAAc,EAAE,wCAAwC,CAAC,CAAA;IACnE,eAAK,CAAC,GAAG,CAAC,mBAAmB,EAAE,2CAA2C,CAAC,CAAA;IAC3E,eAAK,CAAC,GAAG,CAAC,mBAAmB,EAAE,2CAA2C,CAAC,CAAA;AAC7E,CAAC,CAAC,CAAC,MAAM,CAAC,iBAAiB,CAAC,CAAC,UAAU,CAAC,CAAC,MAAM,EAAE,iBAAiB,CAAC,CAAC,CAAA;AAEpE,eAAK,CAAC,KAAK,CAAC,GAAG,EAAE;IACf,eAAK,CAAC,IAAI,CAAC,gBAAgB,EAAE,kCAAkC,CAAC,CAAC,UAAU,CAAC,OAAO,CAAC,CAAA;IACpF,eAAK,CAAC,GAAG,CAAC,cAAc,EAAE,gCAAgC,CAAC,CAAA;IAC3D,eAAK,CAAC,GAAG,CAAC,yBAAyB,EAAE,qCAAqC,CAAC,CAAA;IAC3E,eAAK,CAAC,GAAG,CAAC,oBAAoB,EAAE,sCAAsC,CAAC,CAAC,UAAU,CAAC,OAAO,CAAC,CAAA;IAC3F,eAAK,CAAC,MAAM,CAAC,oBAAoB,EAAE,sCAAsC,CAAC,CAAC,UAAU,CAAC,OAAO,CAAC,CAAA;AAChG,CAAC,CAAC,CAAC,MAAM,CAAC,iBAAiB,CAAC,CAAC,UAAU,CAAC,MAAM,CAAC,CAAA;AAE/C,eAAK,CAAC,KAAK,CAAC,GAAG,EAAE;IACf,eAAK,CAAC,IAAI,CAAC,cAAc,EAAE,8BAA8B,CAAC,CAAC,UAAU,CAAC,iBAAiB,CAAC,CAAA;IACxF,eAAK,CAAC,GAAG,CAAC,YAAY,EAAE,4BAA4B,CAAC,CAAA;IACrD,eAAK,CAAC,GAAG,CAAC,mBAAmB,EAAE,+BAA+B,CAAC,CAAA;IAC/D,eAAK,CAAC,GAAG,CAAC,kBAAkB,EAAE,kCAAkC,CAAC,CAAC,UAAU,CAAC,iBAAiB,CAAC,CAAA;IAC/F,eAAK,CAAC,MAAM,CAAC,kBAAkB,EAAE,kCAAkC,CAAC,CAAC,UAAU,CAAC,iBAAiB,CAAC,CAAA;AACpG,CAAC,CAAC,CAAC,MAAM,CAAC,iBAAiB,CAAC,CAAC,UAAU,CAAC,MAAM,CAAC,CAAA;AAE/C,eAAK,CAAC,KAAK,CAAC,GAAG,EAAE;IACf,eAAK,CAAC,GAAG,CAAC,cAAc,EAAE,gCAAgC,CAAC,CAAA;IAC3D,eAAK,CAAC,GAAG,CAAC,yBAAyB,EAAE,qCAAqC,CAAC,CAAA;IAC3E,eAAK,CAAC,GAAG,CAAC,6BAA6B,EAAE,uCAAuC,CAAC,CAAA;IACjF,eAAK,CAAC,GAAG,CAAC,2BAA2B,EAAE,uCAAuC,CAAC,CAAA;AACjF,CAAC,CAAC,CAAC,MAAM,CAAC,iBAAiB,CAAC,CAAC,UAAU,CAAC,CAAC,MAAM,EAAE,OAAO,CAAC,CAAC,CAAA;AAE1D,eAAK,CAAC,KAAK,CAAC,GAAG,EAAE;IACf,eAAK,CAAC,GAAG,CAAC,eAAe,EAAE,kCAAkC,CAAC,CAAA;IAC9D,eAAK,CAAC,GAAG,CAAC,sBAAsB,EAAE,qCAAqC,CAAC,CAAA;IACxE,eAAK,CAAC,GAAG,CAAC,4BAA4B,EAAE,wCAAwC,CAAC,CAAA;IACjF,eAAK,CAAC,GAAG,CAAC,sBAAsB,EAAE,qCAAqC,CAAC,CAAA;AAC1E,CAAC,CAAC,CAAC,MAAM,CAAC,iBAAiB,CAAC,CAAC,UAAU,CAAC,CAAC,MAAM,EAAE,OAAO,CAAC,CAAC,CAAA;AAE1D,eAAK,CAAC,KAAK,CAAC,GAAG,EAAE;IACf,eAAK,CAAC,GAAG,CAAC,WAAW,EAAE,0BAA0B,CAAC,CAAA;IAClD,eAAK,CAAC,GAAG,CAAC,8BAA8B,EAAE,mCAAmC,CAAC,CAAA;AAChF,CAAC,CAAC,CAAC,MAAM,CAAC,iBAAiB,CAAC,CAAC,UAAU,CAAC,CAAC,MAAM,EAAE,OAAO,CAAC,CAAC,CAAA;AAE1D,eAAK,CAAC,KAAK,CAAC,GAAG,EAAE;IACf,eAAK,CAAC,GAAG,CAAC,aAAa,EAAE,8BAA8B,CAAC,CAAA;AAC1D,CAAC,CAAC,CAAC,MAAM,CAAC,iBAAiB,CAAC,CAAC,UAAU,CAAC,MAAM,CAAC,CAAA","sourcesContent":["/*\n|--------------------------------------------------------------------------\n| Routes\n|--------------------------------------------------------------------------\n|\n| This file is dedicated for defining HTTP routes. A single file is enough\n| for majority of projects, however you can define routes in different\n| files and just make sure to import them inside this file. For example\n|\n| Define routes in following two files\n| ├── start/routes/cart.ts\n| ├── start/routes/customer.ts\n|\n| and then import them inside `start/routes.ts` as follows\n|\n| import './routes/cart'\n| import './routes/customer'\n|\n*/\n\nimport Route from '@ioc:Adonis/Core/Route'\n\nRoute.get('/', async () => {\n  return { hello: 'world' }\n})\n\nRoute.group(() => { //Routes for User\n  Route.post('/loginByPhone', 'UsersController.loginByPhone')\n  Route.post('/loginByEmail', 'UsersController.loginByEmail')\n  Route.get('/getUsers', 'UsersController.getUsers').middleware(['auth', 'admin'])\n  Route.get('/getUserByEmail/:email', 'UsersController.getUserByEmail').middleware(['auth', 'admin'])\n  Route.delete('/deleteUser/:id', 'UsersController.deleteUserByid').middleware(['auth', 'admin'])\n}).prefix('api/hastaTuCasa')\n\nRoute.group(() => {//Routes for Admin\n  Route.post('/createAdmin', 'AdminsController.createAdmin')\n}).prefix('api/hastaTuCasa')\n\nRoute.group(() => {//Routes for Client\n  Route.post('/createClient', 'ClientsController.createClient')\n  Route.get('/getClients', 'ClientsController.getClients')\n  Route.get('/getClientByEmail/:email', 'ClientsController.getClientByEmail')\n  Route.put('/updateClient/:id', 'ClientsController.updateClientById')\n  Route.post('/makeRequest', 'ClientsController.makeRequest')\n  Route.get('/seeMyRequests', 'ClientsController.seeMyRequests')\n  Route.put('/cancelPurchase/*', 'ClientsController.cancelPurchase')\n  Route.get('/addFavoriteOffer/:offer', 'ClientsController.addFavoriteOffer')\n  Route.get('/getFavoriteOffers', 'ClientsController.getFavoriteOffers')\n  Route.post('/rateOffer/*', 'ClientsController.rateOffer')\n  Route.post('/commentOffer/:offer', 'ClientsController.commentOffer')\n}).prefix('api/hastaTuCasa/client').middleware(['auth', 'client'])\n\nRoute.group(() => {//Routes for ServiceProvider\n  Route.post('/createServiceProvider', 'ServiceProvidersController.createServiceProvider')\n  Route.get('/getServiceProviders', 'ServiceProvidersController.getServiceProviders')\n  Route.get('/getServiceProviderByEmail/:email', 'ServiceProvidersController.getServiceProviderByEmail')\n  Route.put('/updateServiceProvider/:id', 'ServiceProvidersController.updateServiceProviderById')\n  Route.get('/seeMyRequests', 'ServiceProvidersController.seeMyRequests')\n  Route.get('/seeMyOffers', 'ServiceProvidersController.seeMyOffers')\n  Route.put('/acceptPurchase/*', 'ServiceProvidersController.acceptPurchase')\n  Route.put('/rejectPurchase/*', 'ServiceProvidersController.rejectPurchase')\n}).prefix('api/hastaTuCasa').middleware(['auth', 'serviceProvider'])\n\nRoute.group(() => {//Routes for Service\n  Route.post('/createService', 'ServicesController.createService').middleware('admin')\n  Route.get('/getServices', 'ServicesController.getServices')\n  Route.get('/getServiceByName/:name', 'ServicesController.getServiceByName')\n  Route.put('/updateService/:id', 'ServicesController.updateServiceById').middleware('admin')\n  Route.delete('/deleteService/:id', 'ServicesController.deleteServiceById').middleware('admin')\n}).prefix('api/hastaTuCasa').middleware('auth')\n\nRoute.group(() => {//Routes for Offer\n  Route.post('/createOffer', 'OffersController.createOffer').middleware('serviceProvider')\n  Route.get('/getOffers', 'OffersController.getOffers')\n  Route.get('/getOfferById/:id', 'OffersController.getOfferById')\n  Route.put('/updateOffer/:id', 'OffersController.updateOfferById').middleware('serviceProvider')\n  Route.delete('/deleteOffer/:id', 'OffersController.deleteOfferById').middleware('serviceProvider')\n}).prefix('api/hastaTuCasa').middleware('auth')\n\nRoute.group(() => {//Routes for Requests\n  Route.get('/getRequests', 'RequestsController.getRequests')\n  Route.get('/getRequestByCode/:code', 'RequestsController.getRequestByCode')\n  Route.get('/getRequestByClient/:client', 'RequestsController.getRequestByClient')\n  Route.get('/getOffersByRequest/:code', 'RequestsController.getOffersByRequest')\n}).prefix('api/hastaTuCasa').middleware(['auth', 'admin'])\n\nRoute.group(() => {//Routes for Purchases\n  Route.get('/getPurchases', 'PurchasesController.getPurchases')\n  Route.get('/getPurchaseById/:id', 'PurchasesController.getPurchaseById')\n  Route.get('/getPurchaseByState/:state', 'PurchasesController.getPurchaseByState')\n  Route.get('/getBillPurchase/:id', 'PurchasesController.getBillPurchase')\n}).prefix('api/hastaTuCasa').middleware(['auth', 'admin'])\n\nRoute.group(() => {//Routes for Bills\n  Route.get('/getBills', 'BillsController.getBills')\n  Route.get('/getBillByPurchase/:purchase', 'BillsController.getBillByPurchase')\n}).prefix('api/hastaTuCasa').middleware(['auth', 'admin'])\n\nRoute.group(() => {//Routes for Ratings\n  Route.get('/getRatings', 'RatingsController.getRatings')\n}).prefix('api/hastaTuCasa').middleware('auth')"]},"_coverageSchema":"1a1c01bbd47fc00a2c39e90264f33305004495a9","hash":"ba46c5b62bb07b26834a448e21cdd0d0b42d4223","contentHash":"068b6b209a7c04213438efd4e006ef14351f54c941ed20c790af0adef8135c45"},"D:\\Unal\\2023-1\\BootcampBackend\\Proyectos\\api-hastaTuCasa\\start\\kernel.ts":{"path":"D:\\Unal\\2023-1\\BootcampBackend\\Proyectos\\api-hastaTuCasa\\start\\kernel.ts","statementMap":{"0":{"start":{"line":2,"column":22},"end":{"line":12,"column":3}},"1":{"start":{"line":3,"column":4},"end":{"line":3,"column":33}},"2":{"start":{"line":3,"column":26},"end":{"line":3,"column":33}},"3":{"start":{"line":4,"column":15},"end":{"line":4,"column":52}},"4":{"start":{"line":5,"column":4},"end":{"line":7,"column":5}},"5":{"start":{"line":6,"column":6},"end":{"line":6,"column":68}},"6":{"start":{"line":6,"column":51},"end":{"line":6,"column":63}},"7":{"start":{"line":8,"column":4},"end":{"line":8,"column":39}},"8":{"start":{"line":10,"column":4},"end":{"line":10,"column":33}},"9":{"start":{"line":10,"column":26},"end":{"line":10,"column":33}},"10":{"start":{"line":11,"column":4},"end":{"line":11,"column":17}},"11":{"start":{"line":13,"column":25},"end":{"line":17,"column":2}},"12":{"start":{"line":14,"column":4},"end":{"line":14,"column":72}},"13":{"start":{"line":16,"column":4},"end":{"line":16,"column":21}},"14":{"start":{"line":18,"column":19},"end":{"line":24,"column":1}},"15":{"start":{"line":19,"column":4},"end":{"line":19,"column":42}},"16":{"start":{"line":19,"column":31},"end":{"line":19,"column":42}},"17":{"start":{"line":20,"column":17},"end":{"line":20,"column":19}},"18":{"start":{"line":21,"column":4},"end":{"line":21,"column":141}},"19":{"start":{"line":21,"column":21},"end":{"line":21,"column":141}},"20":{"start":{"line":21,"column":40},"end":{"line":21,"column":141}},"21":{"start":{"line":21,"column":109},"end":{"line":21,"column":141}},"22":{"start":{"line":22,"column":4},"end":{"line":22,"column":36}},"23":{"start":{"line":23,"column":4},"end":{"line":23,"column":18}},"24":{"start":{"line":25,"column":22},"end":{"line":27,"column":1}},"25":{"start":{"line":26,"column":4},"end":{"line":26,"column":62}},"26":{"start":{"line":28,"column":0},"end":{"line":28,"column":62}},"27":{"start":{"line":29,"column":17},"end":{"line":29,"column":85}},"28":{"start":{"line":30,"column":0},"end":{"line":32,"column":3}},"29":{"start":{"line":31,"column":10},"end":{"line":31,"column":109}},"30":{"start":{"line":31,"column":39},"end":{"line":31,"column":108}},"31":{"start":{"line":33,"column":0},"end":{"line":38,"column":3}},"32":{"start":{"line":34,"column":16},"end":{"line":34,"column":115}},"33":{"start":{"line":34,"column":45},"end":{"line":34,"column":114}},"34":{"start":{"line":35,"column":17},"end":{"line":35,"column":120}},"35":{"start":{"line":35,"column":46},"end":{"line":35,"column":119}},"36":{"start":{"line":36,"column":18},"end":{"line":36,"column":122}},"37":{"start":{"line":36,"column":47},"end":{"line":36,"column":121}},"38":{"start":{"line":37,"column":27},"end":{"line":37,"column":140}},"39":{"start":{"line":37,"column":56},"end":{"line":37,"column":139}}},"fnMap":{"0":{"name":"(anonymous_0)","decl":{"start":{"line":2,"column":74},"end":{"line":2,"column":75}},"loc":{"start":{"line":2,"column":96},"end":{"line":9,"column":1}},"line":2},"1":{"name":"(anonymous_1)","decl":{"start":{"line":6,"column":38},"end":{"line":6,"column":39}},"loc":{"start":{"line":6,"column":49},"end":{"line":6,"column":65}},"line":6},"2":{"name":"(anonymous_2)","decl":{"start":{"line":9,"column":6},"end":{"line":9,"column":7}},"loc":{"start":{"line":9,"column":28},"end":{"line":12,"column":1}},"line":9},"3":{"name":"(anonymous_3)","decl":{"start":{"line":13,"column":80},"end":{"line":13,"column":81}},"loc":{"start":{"line":13,"column":95},"end":{"line":15,"column":1}},"line":13},"4":{"name":"(anonymous_4)","decl":{"start":{"line":15,"column":5},"end":{"line":15,"column":6}},"loc":{"start":{"line":15,"column":20},"end":{"line":17,"column":1}},"line":15},"5":{"name":"(anonymous_5)","decl":{"start":{"line":18,"column":50},"end":{"line":18,"column":51}},"loc":{"start":{"line":18,"column":65},"end":{"line":24,"column":1}},"line":18},"6":{"name":"(anonymous_6)","decl":{"start":{"line":25,"column":56},"end":{"line":25,"column":57}},"loc":{"start":{"line":25,"column":71},"end":{"line":27,"column":1}},"line":25},"7":{"name":"(anonymous_7)","decl":{"start":{"line":31,"column":4},"end":{"line":31,"column":5}},"loc":{"start":{"line":31,"column":10},"end":{"line":31,"column":109}},"line":31},"8":{"name":"(anonymous_8)","decl":{"start":{"line":31,"column":33},"end":{"line":31,"column":34}},"loc":{"start":{"line":31,"column":39},"end":{"line":31,"column":108}},"line":31},"9":{"name":"(anonymous_9)","decl":{"start":{"line":34,"column":10},"end":{"line":34,"column":11}},"loc":{"start":{"line":34,"column":16},"end":{"line":34,"column":115}},"line":34},"10":{"name":"(anonymous_10)","decl":{"start":{"line":34,"column":39},"end":{"line":34,"column":40}},"loc":{"start":{"line":34,"column":45},"end":{"line":34,"column":114}},"line":34},"11":{"name":"(anonymous_11)","decl":{"start":{"line":35,"column":11},"end":{"line":35,"column":12}},"loc":{"start":{"line":35,"column":17},"end":{"line":35,"column":120}},"line":35},"12":{"name":"(anonymous_12)","decl":{"start":{"line":35,"column":40},"end":{"line":35,"column":41}},"loc":{"start":{"line":35,"column":46},"end":{"line":35,"column":119}},"line":35},"13":{"name":"(anonymous_13)","decl":{"start":{"line":36,"column":12},"end":{"line":36,"column":13}},"loc":{"start":{"line":36,"column":18},"end":{"line":36,"column":122}},"line":36},"14":{"name":"(anonymous_14)","decl":{"start":{"line":36,"column":41},"end":{"line":36,"column":42}},"loc":{"start":{"line":36,"column":47},"end":{"line":36,"column":121}},"line":36},"15":{"name":"(anonymous_15)","decl":{"start":{"line":37,"column":21},"end":{"line":37,"column":22}},"loc":{"start":{"line":37,"column":27},"end":{"line":37,"column":140}},"line":37},"16":{"name":"(anonymous_16)","decl":{"start":{"line":37,"column":50},"end":{"line":37,"column":51}},"loc":{"start":{"line":37,"column":56},"end":{"line":37,"column":139}},"line":37}},"branchMap":{"0":{"loc":{"start":{"line":2,"column":22},"end":{"line":12,"column":3}},"type":"binary-expr","locations":[{"start":{"line":2,"column":23},"end":{"line":2,"column":27}},{"start":{"line":2,"column":31},"end":{"line":2,"column":51}},{"start":{"line":2,"column":57},"end":{"line":12,"column":2}}],"line":2},"1":{"loc":{"start":{"line":2,"column":57},"end":{"line":12,"column":2}},"type":"cond-expr","locations":[{"start":{"line":2,"column":74},"end":{"line":9,"column":1}},{"start":{"line":9,"column":6},"end":{"line":12,"column":1}}],"line":2},"2":{"loc":{"start":{"line":3,"column":4},"end":{"line":3,"column":33}},"type":"if","locations":[{"start":{"line":3,"column":4},"end":{"line":3,"column":33}},{"start":{"line":3,"column":4},"end":{"line":3,"column":33}}],"line":3},"3":{"loc":{"start":{"line":5,"column":4},"end":{"line":7,"column":5}},"type":"if","locations":[{"start":{"line":5,"column":4},"end":{"line":7,"column":5}},{"start":{"line":5,"column":4},"end":{"line":7,"column":5}}],"line":5},"4":{"loc":{"start":{"line":5,"column":8},"end":{"line":5,"column":85}},"type":"binary-expr","locations":[{"start":{"line":5,"column":8},"end":{"line":5,"column":13}},{"start":{"line":5,"column":18},"end":{"line":5,"column":84}}],"line":5},"5":{"loc":{"start":{"line":5,"column":18},"end":{"line":5,"column":84}},"type":"cond-expr","locations":[{"start":{"line":5,"column":34},"end":{"line":5,"column":47}},{"start":{"line":5,"column":50},"end":{"line":5,"column":84}}],"line":5},"6":{"loc":{"start":{"line":5,"column":50},"end":{"line":5,"column":84}},"type":"binary-expr","locations":[{"start":{"line":5,"column":50},"end":{"line":5,"column":63}},{"start":{"line":5,"column":67},"end":{"line":5,"column":84}}],"line":5},"7":{"loc":{"start":{"line":10,"column":4},"end":{"line":10,"column":33}},"type":"if","locations":[{"start":{"line":10,"column":4},"end":{"line":10,"column":33}},{"start":{"line":10,"column":4},"end":{"line":10,"column":33}}],"line":10},"8":{"loc":{"start":{"line":13,"column":25},"end":{"line":17,"column":2}},"type":"binary-expr","locations":[{"start":{"line":13,"column":26},"end":{"line":13,"column":30}},{"start":{"line":13,"column":34},"end":{"line":13,"column":57}},{"start":{"line":13,"column":63},"end":{"line":17,"column":1}}],"line":13},"9":{"loc":{"start":{"line":13,"column":63},"end":{"line":17,"column":1}},"type":"cond-expr","locations":[{"start":{"line":13,"column":80},"end":{"line":15,"column":1}},{"start":{"line":15,"column":5},"end":{"line":17,"column":1}}],"line":13},"10":{"loc":{"start":{"line":18,"column":19},"end":{"line":24,"column":1}},"type":"binary-expr","locations":[{"start":{"line":18,"column":20},"end":{"line":18,"column":24}},{"start":{"line":18,"column":28},"end":{"line":18,"column":45}},{"start":{"line":18,"column":50},"end":{"line":24,"column":1}}],"line":18},"11":{"loc":{"start":{"line":19,"column":4},"end":{"line":19,"column":42}},"type":"if","locations":[{"start":{"line":19,"column":4},"end":{"line":19,"column":42}},{"start":{"line":19,"column":4},"end":{"line":19,"column":42}}],"line":19},"12":{"loc":{"start":{"line":19,"column":8},"end":{"line":19,"column":29}},"type":"binary-expr","locations":[{"start":{"line":19,"column":8},"end":{"line":19,"column":11}},{"start":{"line":19,"column":15},"end":{"line":19,"column":29}}],"line":19},"13":{"loc":{"start":{"line":21,"column":4},"end":{"line":21,"column":141}},"type":"if","locations":[{"start":{"line":21,"column":4},"end":{"line":21,"column":141}},{"start":{"line":21,"column":4},"end":{"line":21,"column":141}}],"line":21},"14":{"loc":{"start":{"line":21,"column":40},"end":{"line":21,"column":141}},"type":"if","locations":[{"start":{"line":21,"column":40},"end":{"line":21,"column":141}},{"start":{"line":21,"column":40},"end":{"line":21,"column":141}}],"line":21},"15":{"loc":{"start":{"line":21,"column":44},"end":{"line":21,"column":107}},"type":"binary-expr","locations":[{"start":{"line":21,"column":44},"end":{"line":21,"column":59}},{"start":{"line":21,"column":63},"end":{"line":21,"column":107}}],"line":21},"16":{"loc":{"start":{"line":25,"column":22},"end":{"line":27,"column":1}},"type":"binary-expr","locations":[{"start":{"line":25,"column":23},"end":{"line":25,"column":27}},{"start":{"line":25,"column":31},"end":{"line":25,"column":51}},{"start":{"line":25,"column":56},"end":{"line":27,"column":1}}],"line":25},"17":{"loc":{"start":{"line":26,"column":11},"end":{"line":26,"column":61}},"type":"cond-expr","locations":[{"start":{"line":26,"column":37},"end":{"line":26,"column":40}},{"start":{"line":26,"column":43},"end":{"line":26,"column":61}}],"line":26},"18":{"loc":{"start":{"line":26,"column":12},"end":{"line":26,"column":33}},"type":"binary-expr","locations":[{"start":{"line":26,"column":12},"end":{"line":26,"column":15}},{"start":{"line":26,"column":19},"end":{"line":26,"column":33}}],"line":26}},"s":{"0":1,"1":0,"2":0,"3":0,"4":0,"5":0,"6":0,"7":0,"8":0,"9":0,"10":0,"11":1,"12":198,"13":0,"14":1,"15":376,"16":178,"17":198,"18":198,"19":198,"20":0,"21":0,"22":198,"23":198,"24":1,"25":1,"26":1,"27":1,"28":1,"29":198,"30":198,"31":1,"32":93,"33":93,"34":28,"35":28,"36":29,"37":29,"38":28,"39":28},"f":{"0":0,"1":0,"2":0,"3":198,"4":0,"5":376,"6":1,"7":198,"8":198,"9":93,"10":93,"11":28,"12":28,"13":29,"14":29,"15":28,"16":28},"b":{"0":[1,1,1],"1":[1,0],"2":[0,0],"3":[0,0],"4":[0,0],"5":[0,0],"6":[0,0],"7":[0,0],"8":[1,1,1],"9":[1,0],"10":[1,1,1],"11":[178,198],"12":[376,376],"13":[198,0],"14":[0,0],"15":[0,0],"16":[1,1,1],"17":[0,1],"18":[1,1]},"inputSourceMap":{"version":3,"file":"kernel.js","sourceRoot":"","sources":["kernel.ts"],"names":[],"mappings":";;;;;;;;;;;;;;;;;;;;;;;;;;;;AAWA,sFAA4C;AAW5C,gBAAM,CAAC,UAAU,CAAC,QAAQ,CAAC;IACzB,GAAG,EAAE,oGAAsC;CAC5C,CAAC,CAAA;AAkBF,gBAAM,CAAC,UAAU,CAAC,aAAa,CAAC;IAC9B,IAAI,EAAE,GAAG,EAAE,yEAAQ,wBAAwB,GAAC;IAC5C,KAAK,EAAE,GAAG,EAAE,yEAAQ,4BAA4B,GAAC;IACjD,MAAM,EAAE,GAAG,EAAE,yEAAQ,6BAA6B,GAAC;IACnD,eAAe,EAAE,GAAG,EAAE,yEAAQ,sCAAsC,GAAC;CACtE,CAAC,CAAA","sourcesContent":["/*\n|--------------------------------------------------------------------------\n| Application middleware\n|--------------------------------------------------------------------------\n|\n| This file is used to define middleware for HTTP requests. You can register\n| middleware as a `closure` or an IoC container binding. The bindings are\n| preferred, since they keep this file clean.\n|\n*/\n\nimport Server from '@ioc:Adonis/Core/Server'\n\n/*\n|--------------------------------------------------------------------------\n| Global middleware\n|--------------------------------------------------------------------------\n|\n| An array of global middleware, that will be executed in the order they\n| are defined for every HTTP requests.\n|\n*/\nServer.middleware.register([\n  () => import('@ioc:Adonis/Core/BodyParser'),\n])\n\n/*\n|--------------------------------------------------------------------------\n| Named middleware\n|--------------------------------------------------------------------------\n|\n| Named middleware are defined as key-value pair. The value is the namespace\n| or middleware function and key is the alias. Later you can use these\n| alias on individual routes. For example:\n|\n| { auth: () => import('App/Middleware/Auth') }\n|\n| and then use it as follows\n|\n| Route.get('dashboard', 'UserController.dashboard').middleware('auth')\n|\n*/\nServer.middleware.registerNamed({\n  auth: () => import('App/Middleware/AuthJwt'),\n  admin: () => import('App/Middleware/VerifyAdmin'),\n  client: () => import('App/Middleware/VerifyClient'),\n  serviceProvider: () => import('App/Middleware/VerifyServiceProvider')\n})\n"]},"_coverageSchema":"1a1c01bbd47fc00a2c39e90264f33305004495a9","hash":"e6f22405f901f555128732a4b9fa08ab00362a2c","contentHash":"f94de2fba28f57c2dc85d75cab63917f43dc3008d59212022f379e2303740062"},"D:\\Unal\\2023-1\\BootcampBackend\\Proyectos\\api-hastaTuCasa\\app\\Controllers\\Http\\UsersController.ts":{"path":"D:\\Unal\\2023-1\\BootcampBackend\\Proyectos\\api-hastaTuCasa\\app\\Controllers\\Http\\UsersController.ts","statementMap":{"0":{"start":{"line":2,"column":22},"end":{"line":4,"column":1}},"1":{"start":{"line":3,"column":4},"end":{"line":3,"column":62}},"2":{"start":{"line":5,"column":0},"end":{"line":5,"column":62}},"3":{"start":{"line":6,"column":15},"end":{"line":6,"column":80}},"4":{"start":{"line":7,"column":19},"end":{"line":7,"column":55}},"5":{"start":{"line":8,"column":23},"end":{"line":8,"column":63}},"6":{"start":{"line":9,"column":14},"end":{"line":9,"column":79}},"7":{"start":{"line":12,"column":8},"end":{"line":46,"column":9}},"8":{"start":{"line":13,"column":12},"end":{"line":18,"column":13}},"9":{"start":{"line":14,"column":16},"end":{"line":17,"column":18}},"10":{"start":{"line":19,"column":12},"end":{"line":24,"column":13}},"11":{"start":{"line":20,"column":16},"end":{"line":23,"column":18}},"12":{"start":{"line":25,"column":25},"end":{"line"
[...]
,"column":71}},"5":{"start":{"line":10,"column":8},"end":{"line":27,"column":9}},"6":{"start":{"line":11,"column":29},"end":{"line":11,"column":116}},"7":{"start":{"line":12,"column":12},"end":{"line":12,"column":36}},"8":{"start":{"line":13,"column":30},"end":{"line":13,"column":53}},"9":{"start":{"line":14,"column":32},"end":{"line":14,"column":63}},"10":{"start":{"line":15,"column":37},"end":{"line":15,"column":75}},"11":{"start":{"line":16,"column":12},"end":{"line":18,"column":13}},"12":{"start":{"line":17,"column":16},"end":{"line":17,"column":67}},"13":{"start":{"line":19,"column":12},"end":{"line":19,"column":52}},"14":{"start":{"line":20,"column":12},"end":{"line":20,"column":63}},"15":{"start":{"line":23,"column":12},"end":{"line":26,"column":15}},"16":{"start":{"line":30,"column":0},"end":{"line":30,"column":35}}},"fnMap":{"0":{"name":"(anonymous_0)","decl":{"start":{"line":2,"column":56},"end":{"line":2,"column":57}},"loc":{"start":{"line":2,"column":71},"end":{"line":4,"column":1}},"line":2},"1":{"name":"(anonymous_1)","decl":{"start":{"line":9,"column":4},"end":{"line":9,"column":5}},"loc":{"start":{"line":9,"column":45},"end":{"line":28,"column":5}},"line":9}},"branchMap":{"0":{"loc":{"start":{"line":2,"column":22},"end":{"line":4,"column":1}},"type":"binary-expr","locations":[{"start":{"line":2,"column":23},"end":{"line":2,"column":27}},{"start":{"line":2,"column":31},"end":{"line":2,"column":51}},{"start":{"line":2,"column":56},"end":{"line":4,"column":1}}],"line":2},"1":{"loc":{"start":{"line":3,"column":11},"end":{"line":3,"column":61}},"type":"cond-expr","locations":[{"start":{"line":3,"column":37},"end":{"line":3,"column":40}},{"start":{"line":3,"column":43},"end":{"line":3,"column":61}}],"line":3},"2":{"loc":{"start":{"line":3,"column":12},"end":{"line":3,"column":33}},"type":"binary-expr","locations":[{"start":{"line":3,"column":12},"end":{"line":3,"column":15}},{"start":{"line":3,"column":19},"end":{"line":3,"column":33}}],"line":3},"3":{"loc":{"start":{"line":16,"column":12},"end":{"line":18,"column":13}},"type":"if","locations":[{"start":{"line":16,"column":12},"end":{"line":18,"column":13}},{"start":{"line":16,"column":12},"end":{"line":18,"column":13}}],"line":16}},"s":{"0":1,"1":2,"2":1,"3":1,"4":1,"5":2,"6":2,"7":2,"8":2,"9":2,"10":2,"11":2,"12":1,"13":1,"14":1,"15":0,"16":1},"f":{"0":2,"1":2},"b":{"0":[1,1,1],"1":[2,0],"2":[2,2],"3":[1,1]},"inputSourceMap":{"version":3,"file":"AdminsController.js","sourceRoot":"","sources":["AdminsController.ts"],"names":[],"mappings":";;;;;AACA,mFAAoC;AACpC,wEAA+C;AAE/C,MAAqB,gBAAgB;IAE1B,KAAK,CAAC,WAAW,CAAC,EAAC,OAAO,EAAE,QAAQ,EAAsB;QAC7D,IAAG;YACC,MAAM,QAAQ,GAAG,OAAO,CAAC,IAAI,CAAC,CAAC,OAAO,EAAE,MAAM,EAAE,UAAU,EAAE,OAAO,EAAE,SAAS,EAAE,cAAc,EAAE,MAAM,CAAC,CAAC,CAAA;YACxG,QAAQ,CAAC,IAAI,GAAG,OAAO,CAAA;YACvB,MAAM,SAAS,GAAG,OAAO,CAAC,IAAI,CAAC,CAAC,OAAO,CAAC,CAAC,CAAA;YAGzC,MAAM,WAAW,GAAG,IAAI,yBAAe,EAAE,CAAA;YACzC,MAAM,gBAAgB,GAAG,MAAM,WAAW,CAAC,UAAU,CAAC,QAAQ,CAAC,CAAA;YAC/D,IAAG,CAAC,gBAAgB,CAAC,KAAK,EAAC;gBACvB,OAAO,QAAQ,CAAC,MAAM,CAAC,GAAG,CAAC,CAAC,IAAI,CAAC,gBAAgB,CAAC,CAAA;aACrD;YAGD,MAAM,eAAK,CAAC,MAAM,CAAC,SAAS,CAAC,CAAA;YAE7B,OAAO,QAAQ,CAAC,MAAM,CAAC,GAAG,CAAC,CAAC,IAAI,CAAC,gBAAgB,CAAC,CAAA;SAErD;QAAA,OAAM,KAAK,EAAC;YACT,OAAO,QAAQ,CAAC,MAAM,CAAC,GAAG,CAAC,CAAC,IAAI,CAAC;gBAC7B,KAAK,EAAE,KAAK;gBACZ,OAAO,EAAE,KAAK,CAAC,OAAO;aACzB,CAAC,CAAA;SACL;IACL,CAAC;CAEJ;AA5BD,mCA4BC","sourcesContent":["import type { HttpContextContract } from '@ioc:Adonis/Core/HttpContext'\nimport Admin from 'App/Models/Admin'\nimport UsersController from './UsersController'\n\nexport default class AdminsController {\n\n    public async createAdmin({request, response}: HttpContextContract):Promise<void>{\n        try{\n            const userData = request.only(['phone', 'name', 'password', 'email', 'address', 'bank_account', 'role'])\n            userData.role = 'Admin' //Role of the user\n            const adminData = request.only(['phone'])\n\n            //Create user\n            const userControl = new UsersController()\n            const responseFromUser = await userControl.createUser(userData)\n            if(!responseFromUser.state){\n                return response.status(400).json(responseFromUser)\n            }\n\n            //Create Admin\n            await Admin.create(adminData)\n\n            return response.status(200).json(responseFromUser)\n\n        }catch(error){\n            return response.status(400).json({\n                state: false,\n                message: error.message\n            })\n        }\n    }\n\n}\n"]},"_coverageSchema":"1a1c01bbd47fc00a2c39e90264f33305004495a9","hash":"a7faa66eb74209d8f3a1bad0af3ef62dc1bb5c7b","contentHash":"9d7ebd554c80127f465d340f31e219b01c9f6ecdb05338dd973a72fcd3d774c5"},"D:\\Unal\\2023-1\\BootcampBackend\\Proyectos\\api-hastaTuCasa\\app\\Controllers\\Http\\ServicesController.ts":{"path":"D:\\Unal\\2023-1\\BootcampBackend\\Proyectos\\api-hastaTuCasa\\app\\Controllers\\Http\\ServicesController.ts","statementMap":{"0":{"start":{"line":2,"column":22},"end":{"line":4,"column":1}},"1":{"start":{"line":3,"column":4},"end":{"line":3,"column":62}},"2":{"start":{"line":5,"column":0},"end":{"line":5,"column":62}},"3":{"start":{"line":6,"column":18},"end":{"line":6,"column":86}},"4":{"start":{"line":9,"column":8},"end":{"line":28,"column":9}},"5":{"start":{"line":10,"column":32},"end":{"line":10,"column":80}},"6":{"start":{"line":11,"column":12},"end":{"line":16,"column":13}},"7":{"start":{"line":12,"column":16},"end":{"line":15,"column":19}},"8":{"start":{"line":17,"column":12},"end":{"line":17,"column":56}},"9":{"start":{"line":18,"column":12},"end":{"line":21,"column":15}},"10":{"start":{"line":24,"column":12},"end":{"line":27,"column":15}},"11":{"start":{"line":31,"column":8},"end":{"line":44,"column":9}},"12":{"start":{"line":32,"column":29},"end":{"line":32,"column":100}},"13":{"start":{"line":33,"column":12},"end":{"line":37,"column":15}},"14":{"start":{"line":40,"column":12},"end":{"line":43,"column":15}},"15":{"start":{"line":47,"column":8},"end":{"line":66,"column":9}},"16":{"start":{"line":48,"column":25},"end":{"line":48,"column":56}},"17":{"start":{"line":49,"column":28},"end":{"line":49,"column":72}},"18":{"start":{"line":50,"column":12},"end":{"line":55,"column":13}},"19":{"start":{"line":51,"column":16},"end":{"line":54,"column":19}},"20":{"start":{"line":56,"column":12},"end":{"line":59,"column":15}},"21":{"start":{"line":62,"column":12},"end":{"line":65,"column":15}},"22":{"start":{"line":69,"column":8},"end":{"line":97,"column":9}},"23":{"start":{"line":70,"column":28},"end":{"line":70,"column":67}},"24":{"start":{"line":71,"column":12},"end":{"line":76,"column":13}},"25":{"start":{"line":72,"column":16},"end":{"line":75,"column":19}},"26":{"start":{"line":77,"column":32},"end":{"line":77,"column":80}},"27":{"start":{"line":78,"column":34},"end":{"line":78,"column":90}},"28":{"start":{"line":79,"column":12},"end":{"line":84,"column":13}},"29":{"start":{"line":80,"column":16},"end":{"line":83,"column":19}},"30":{"start":{"line":85,"column":12},"end":{"line":85,"column":39}},"31":{"start":{"line":86,"column":12},"end":{"line":86,"column":33}},"32":{"start":{"line":87,"column":12},"end":{"line":90,"column":15}},"33":{"start":{"line":93,"column":12},"end":{"line":96,"column":15}},"34":{"start":{"line":100,"column":8},"end":{"line":114,"column":9}},"35":{"start":{"line":101,"column":28},"end":{"line":101,"column":73}},"36":{"start":{"line":102,"column":12},"end":{"line":102,"column":34}},"37":{"start":{"line":103,"column":12},"end":{"line":103,"column":33}},"38":{"start":{"line":104,"column":12},"end":{"line":107,"column":15}},"39":{"start":{"line":110,"column":12},"end":{"line":113,"column":15}},"40":{"start":{"line":117,"column":24},"end":{"line":117,"column":68}},"41":{"start":{"line":118,"column":8},"end":{"line":118,"column":38}},"42":{"start":{"line":121,"column":0},"end":{"line":121,"column":37}}},"fnMap":{"0":{"name":"(anonymous_0)","decl":{"start":{"line":2,"column":56},"end":{"line":2,"column":57}},"loc":{"start":{"line":2,"column":71},"end":{"line":4,"column":1}},"line":2},"1":{"name":"(anonymous_1)","decl":{"start":{"line":8,"column":4},"end":{"line":8,"column":5}},"loc":{"start":{"line":8,"column":47},"end":{"line":29,"column":5}},"line":8},"2":{"name":"(anonymous_2)","decl":{"start":{"line":30,"column":4},"end":{"line":30,"column":5}},"loc":{"start":{"line":30,"column":36},"end":{"line":45,"column":5}},"line":30},"3":{"name":"(anonymous_3)","decl":{"start":{"line":46,"column":4},"end":{"line":46,"column":5}},"loc":{"start":{"line":46,"column":49},"end":{"line":67,"column":5}},"line":46},"4":{"name":"(anonymous_4)","decl":{"start":{"line":68,"column":4},"end":{"line":68,"column":5}},"loc":{"start":{"line":68,"column":59},"end":{"line":98,"column":5}},"line":68},"5":{"name":"(anonymous_5)","decl":{"start":{"line":99,"column":4},"end":{"line":99,"column":5}},"loc":{"start":{"line":99,"column":50},"end":{"line":115,"column":5}},"line":99},"6":{"name":"(anonymous_6)","decl":{"start":{"line":116,"column":4},"end":{"line":116,"column":5}},"loc":{"start":{"line":116,"column":38},"end":{"line":119,"column":5}},"line":116}},"branchMap":{"0":{"loc":{"start":{"line":2,"column":22},"end":{"line":4,"column":1}},"type":"binary-expr","locations":[{"start":{"line":2,"column":23},"end":{"line":2,"column":27}},{"start":{"line":2,"column":31},"end":{"line":2,"column":51}},{"start":{"line":2,"column":56},"end":{"line":4,"column":1}}],"line":2},"1":{"loc":{"start":{"line":3,"column":11},"end":{"line":3,"column":61}},"type":"cond-expr","locations":[{"start":{"line":3,"column":37},"end":{"line":3,"column":40}},{"start":{"line":3,"column":43},"end":{"line":3,"column":61}}],"line":3},"2":{"loc":{"start":{"line":3,"column":12},"end":{"line":3,"column":33}},"type":"binary-expr","locations":[{"start":{"line":3,"column":12},"end":{"line":3,"column":15}},{"start":{"line":3,"column":19},"end":{"line":3,"column":33}}],"line":3},"3":{"loc":{"start":{"line":11,"column":12},"end":{"line":16,"column":13}},"type":"if","locations":[{"start":{"line":11,"column":12},"end":{"line":16,"column":13}},{"start":{"line":11,"column":12},"end":{"line":16,"column":13}}],"line":11},"4":{"loc":{"start":{"line":50,"column":12},"end":{"line":55,"column":13}},"type":"if","locations":[{"start":{"line":50,"column":12},"end":{"line":55,"column":13}},{"start":{"line":50,"column":12},"end":{"line":55,"column":13}}],"line":50},"5":{"loc":{"start":{"line":71,"column":12},"end":{"line":76,"column":13}},"type":"if","locations":[{"start":{"line":71,"column":12},"end":{"line":76,"column":13}},{"start":{"line":71,"column":12},"end":{"line":76,"column":13}}],"line":71},"6":{"loc":{"start":{"line":79,"column":12},"end":{"line":84,"column":13}},"type":"if","locations":[{"start":{"line":79,"column":12},"end":{"line":84,"column":13}},{"start":{"line":79,"column":12},"end":{"line":84,"column":13}}],"line":79},"7":{"loc":{"start":{"line":79,"column":16},"end":{"line":79,"column":64}},"type":"binary-expr","locations":[{"start":{"line":79,"column":16},"end":{"line":79,"column":29}},{"start":{"line":79,"column":33},"end":{"line":79,"column":64}}],"line":79},"8":{"loc":{"start":{"line":118,"column":15},"end":{"line":118,"column":37}},"type":"cond-expr","locations":[{"start":{"line":118,"column":25},"end":{"line":118,"column":29}},{"start":{"line":118,"column":32},"end":{"line":118,"column":37}}],"line":118}},"s":{"0":1,"1":1,"2":1,"3":1,"4":3,"5":3,"6":3,"7":1,"8":1,"9":1,"10":1,"11":1,"12":1,"13":1,"14":0,"15":2,"16":2,"17":2,"18":2,"19":1,"20":1,"21":0,"22":3,"23":3,"24":3,"25":1,"26":2,"27":2,"28":2,"29":1,"30":1,"31":1,"32":1,"33":0,"34":2,"35":2,"36":1,"37":1,"38":1,"39":1,"40":3,"41":2,"42":1},"f":{"0":1,"1":3,"2":1,"3":2,"4":3,"5":2,"6":3},"b":{"0":[1,1,1],"1":[1,0],"2":[1,1],"3":[1,1],"4":[1,1],"5":[1,2],"6":[1,1],"7":[2,2],"8":[1,1]},"inputSourceMap":{"version":3,"file":"ServicesController.js","sourceRoot":"","sources":["ServicesController.ts"],"names":[],"mappings":";;;;;AACA,uFAAwC;AAExC,MAAqB,kBAAkB;IAE5B,KAAK,CAAC,aAAa,CAAC,EAAC,OAAO,EAAE,QAAQ,EAAsB;QAC/D,IAAG;YACC,MAAM,WAAW,GAAG,OAAO,CAAC,IAAI,CAAC,CAAC,MAAM,EAAE,UAAU,EAAE,YAAY,CAAC,CAAC,CAAA;YACpE,IAAG,MAAM,IAAI,CAAC,qBAAqB,CAAC,WAAW,CAAC,IAAI,CAAC,EAAC;gBAClD,OAAO,QAAQ,CAAC,MAAM,CAAC,GAAG,CAAC,CAAC,IAAI,CAAC;oBAC7B,KAAK,EAAE,KAAK;oBACZ,OAAO,EAAE,yCAAyC;iBACrD,CAAC,CAAA;aACL;YAED,MAAM,iBAAO,CAAC,MAAM,CAAC,WAAW,CAAC,CAAA;YAEjC,OAAO,QAAQ,CAAC,MAAM,CAAC,GAAG,CAAC,CAAC,IAAI,CAAC;gBAC7B,KAAK,EAAE,IAAI;gBACX,OAAO,EAAE,8BAA8B;aAC1C,CAAC,CAAA;SAEL;QAAA,OAAM,KAAK,EAAC;YACT,OAAO,QAAQ,CAAC,MAAM,CAAC,GAAG,CAAC,CAAC,IAAI,CAAC;gBAC7B,KAAK,EAAE,KAAK;gBACZ,OAAO,EAAE,KAAK,CAAC,OAAO;aACzB,CAAC,CAAA;SACL;IACL,CAAC;IAEM,KAAK,CAAC,WAAW,CAAC,EAAC,QAAQ,EAAsB;QACpD,IAAG;YACC,MAAM,QAAQ,GAAa,MAAM,iBAAO,CAAC,KAAK,EAAE,CAAC,KAAK,CAAC,EAAC,KAAK,EAAE,IAAI,EAAC,CAAC,CAAC,IAAI,CAAC,UAAU,CAAC,CAAA;YAEtF,OAAO,QAAQ,CAAC,MAAM,CAAC,GAAG,CAAC,CAAC,IAAI,CAAC;gBAC7B,KAAK,EAAE,IAAI;gBACX,OAAO,EAAE,kBAAkB;gBAC3B,QAAQ;aACX,CAAC,CAAA;SAEL;QAAA,OAAM,KAAK,EAAC;YACT,OAAO,QAAQ,CAAC,MAAM,CAAC,GAAG,CAAC,CAAC,IAAI,CAAC;gBAC7B,KAAK,EAAE,KAAK;gBACZ,OAAO,EAAE,KAAK,CAAC,OAAO;aACzB,CAAC,CAAA;SACL;IACL,CAAC;IAEM,KAAK,CAAC,gBAAgB,CAAC,EAAC,QAAQ,EAAE,MAAM,EAAsB;QACjE,IAAG;YACC,MAAM,IAAI,GAAU,MAAM,CAAC,IAAI,CAAC,OAAO,CAAC,KAAK,EAAE,GAAG,CAAC,CAAA;YACnD,MAAM,OAAO,GAAO,MAAM,iBAAO,CAAC,MAAM,CAAC,MAAM,EAAE,IAAI,CAAC,CAAA;YACtD,IAAG,CAAC,OAAO,EAAC;gBACR,OAAO,QAAQ,CAAC,MAAM,CAAC,GAAG,CAAC,CAAC,IAAI,CAAC;oBAC7B,KAAK,EAAE,KAAK;oBACZ,OAAO,EAAE,mBAAmB;iBAC/B,CAAC,CAAA;aACL;YAED,OAAO,QAAQ,CAAC,MAAM,CAAC,GAAG,CAAC,CAAC,IAAI,CAAC;gBAC7B,KAAK,EAAE,IAAI;gBACX,OAAO;aACV,CAAC,CAAA;SAEL;QAAA,OAAM,KAAK,EAAC;YACT,OAAO,QAAQ,CAAC,MAAM,CAAC,GAAG,CAAC,CAAC,IAAI,CAAC;gBAC7B,KAAK,EAAE,KAAK;gBACZ,OAAO,EAAE,KAAK,CAAC,OAAO;aACzB,CAAC,CAAA;SACL;IACL,CAAC;IAEM,KAAK,CAAC,iBAAiB,CAAC,EAAC,OAAO,EAAE,QAAQ,EAAE,MAAM,EAAsB;QAC3E,IAAG;YACC,MAAM,OAAO,GAAO,MAAM,iBAAO,CAAC,IAAI,CAAC,MAAM,CAAC,EAAE,CAAC,CAAA;YACjD,IAAG,CAAC,OAAO,EAAC;gBACR,OAAO,QAAQ,CAAC,MAAM,CAAC,GAAG,CAAC,CAAC,IAAI,CAAC;oBAC7B,KAAK,EAAE,KAAK;oBACZ,OAAO,EAAE,mBAAmB;iBAC/B,CAAC,CAAA;aACL;YAED,MAAM,WAAW,GAAG,OAAO,CAAC,IAAI,CAAC,CAAC,MAAM,EAAE,UAAU,EAAE,YAAY,CAAC,CAAC,CAAA;YACpE,MAAM,aAAa,GAAG,MAAM,iBAAO,CAAC,MAAM,CAAC,MAAM,EAAE,WAAW,CAAC,IAAI,CAAC,CAAA;YACpE,IAAG,aAAa,IAAI,aAAa,CAAC,EAAE,KAAK,OAAO,CAAC,EAAE,EAAC;gBAChD,OAAO,QAAQ,CAAC,MAAM,CAAC,GAAG,CAAC,CAAC,IAAI,CAAC;oBAC7B,KAAK,EAAE,KAAK;oBACZ,OAAO,EAAE,yCAAyC;iBACrD,CAAC,CAAA;aACL;YAED,OAAO,CAAC,KAAK,CAAC,WAAW,CAAC,CAAA;YAC1B,MAAM,OAAO,CAAC,IAAI,EAAE,CAAA;YAEpB,OAAO,QAAQ,CAAC,MAAM,CAAC,GAAG,CAAC,CAAC,IAAI,CAAC;gBAC7B,KAAK,EAAE,IAAI;gBACX,OAAO,EAAE,8BAA8B;aAC1C,CAAC,CAAA;SAEL;QAAA,OAAM,KAAK,EAAC;YACT,OAAO,QAAQ,CAAC,MAAM,CAAC,GAAG,CAAC,CAAC,IAAI,CAAC;gBAC7B,KAAK,EAAE,KAAK;gBACZ,OAAO,EAAE,KAAK,CAAC,OAAO;aACzB,CAAC,CAAA;SACL;IACL,CAAC;IAEM,KAAK,CAAC,iBAAiB,CAAC,EAAC,QAAQ,EAAE,MAAM,EAAsB;QAClE,IAAG;YACC,MAAM,OAAO,GAAO,MAAM,iBAAO,CAAC,UAAU,CAAC,MAAM,CAAC,EAAE,CAAC,CAAA;YACvD,OAAO,CAAC,KAAK,GAAG,KAAK,CAAA;YACrB,MAAM,OAAO,CAAC,IAAI,EAAE,CAAA;YACpB,OAAO,QAAQ,CAAC,MAAM,CAAC,GAAG,CAAC,CAAC,IAAI,CAAC;gBAC7B,KAAK,EAAE,IAAI;gBACX,OAAO,EAAE,8BAA8B;aAC1C,CAAC,CAAA;SAEL;QAAA,OAAM,KAAK,EAAC;YACT,OAAO,QAAQ,CAAC,MAAM,CAAC,GAAG,CAAC,CAAC,IAAI,CAAC;gBAC7B,KAAK,EAAE,KAAK;gBACZ,OAAO,EAAE,KAAK,CAAC,OAAO;aACzB,CAAC,CAAA;SACL;IACL,CAAC;IAEO,KAAK,CAAC,qBAAqB,CAAC,IAAY;QAC5C,MAAM,OAAO,GAAO,MAAM,iBAAO,CAAC,MAAM,CAAC,MAAM,EAAE,IAAI,CAAC,CAAA;QACtD,OAAO,OAAO,CAAC,CAAC,CAAC,IAAI,CAAC,CAAC,CAAC,KAAK,CAAA;IACjC,CAAC;CAEJ;AA/HD,qCA+HC","sourcesContent":["import type { HttpContextContract } from '@ioc:Adonis/Core/HttpContext'\nimport Service from 'App/Models/Service'\n\nexport default class ServicesController {\n\n    public async createService({request, response}: HttpContextContract):Promise<void>{\n        try{\n            const serviceData = request.only(['name', 'category', 'commission'])\n            if(await this.validateServiceByName(serviceData.name)){\n                return response.status(400).json({\n                    state: false,\n                    message: 'Already exists a service with this name'\n                })\n            }\n\n            await Service.create(serviceData)\n\n            return response.status(200).json({\n                state: true,\n                message: 'Service created successfully'\n            })\n\n        }catch(error){\n            return response.status(400).json({\n                state: false,\n                message: error.message\n            })\n        }\n    }\n\n    public async getServices({response}: HttpContextContract):Promise<void>{\n        try{\n            const services:Service[] = await Service.query().where({state: true}).from('services')\n\n            return response.status(200).json({\n                state: true,\n                message: 'List of services',\n                services\n            })\n\n        }catch(error){\n            return response.status(400).json({\n                state: false,\n                message: error.message\n            })\n        }\n    }\n\n    public async getServiceByName({response, params}: HttpContextContract):Promise<void>{\n        try{\n            const name:string = params.name.replace('%20', ' ')\n            const service:any = await Service.findBy('name', name)\n            if(!service){\n                return response.status(400).json({\n                    state: false,\n                    message: 'Service not found'\n                })\n            }\n\n            return response.status(200).json({\n                state: true,\n                service\n            })\n\n        }catch(error){\n            return response.status(400).json({\n                state: false,\n                message: error.message\n            })\n        }\n    }\n\n    public async updateServiceById({request, response, params}: HttpContextContract):Promise<void>{\n        try{\n            const service:any = await Service.find(params.id)\n            if(!service){\n                return response.status(400).json({\n                    state: false,\n                    message: 'Service not found'\n                })\n            }\n\n            const serviceData = request.only(['name', 'category', 'commission'])\n            const serviceByName = await Service.findBy('name', serviceData.name)\n            if(serviceByName && serviceByName.id !== service.id){\n                return response.status(400).json({\n                    state: false,\n                    message: 'Already exists a service with this name'\n                })\n            }\n\n            service.merge(serviceData)\n            await service.save()\n\n            return response.status(200).json({\n                state: true,\n                message: 'Service updated successfully'\n            })\n\n        }catch(error){\n            return response.status(400).json({\n                state: false,\n                message: error.message\n            })\n        }\n    }\n\n    public async deleteServiceById({response, params}: HttpContextContract):Promise<void>{\n        try{\n            const service:any = await Service.findOrFail(params.id)\n            service.state = false\n            await service.save()\n            return response.status(200).json({\n                state: true,\n                message: 'Service deleted successfully'\n            })\n\n        }catch(error){\n            return response.status(400).json({\n                state: false,\n                message: error.message\n            })\n        }\n    }\n\n    private async validateServiceByName(name: string): Promise<boolean>{\n        const service:any = await Service.findBy('name', name)\n        return service ? true : false\n    }\n\n}\n"]},"_coverageSchema":"1a1c01bbd47fc00a2c39e90264f33305004495a9","hash":"8b0eff0393b485b70c5d6aa06605605b5822cec2","contentHash":"1e168a2b549c1f378d9f0f25129287b2511d21dc1896652a5b7433cb92713a61"}}